2024-03-03 02:18:16.5504 ERROR {"Model":"OnActionExecuting","Controller":"HumaneAid","Action":"GetAll","Id":null,"CreateAt":"2024-03-02T23:18:16.5350595Z"}
2024-03-03 02:18:29.8073 ERROR {"Model":"OnActionExecuting","Controller":"HumaneAid","Action":"GetById","Id":"65e18dc16e0d425494ef862d","CreateAt":"2024-03-02T23:18:29.8072757Z"}
2024-03-03 02:18:41.4336 ERROR {"Model":"OnActionExecuting","Controller":"HumaneAid","Action":"GetAllByUserId","Id":null,"CreateAt":"2024-03-02T23:18:41.4336204Z"}
2024-03-03 02:18:42.4684 ERROR {"Model":"OnActionExecuting","Controller":"HumaneAid","Action":"GetById","Id":"65e1dbdd6509a7314471e445","CreateAt":"2024-03-02T23:18:42.4684298Z"}
2024-03-03 02:19:22.9383 ERROR {"Model":"OnActionExecuting","Controller":"HumaneAid","Action":"GetById","Id":"65e1dbdd6509a7314471e445","CreateAt":"2024-03-02T23:19:22.9382895Z"}
2024-03-03 02:19:27.4453 ERROR {"Model":"OnActionExecuting","Controller":"HumaneAid","Action":"GetById","Id":"65e1dbdd6509a7314471e445","CreateAt":"2024-03-02T23:19:27.4453633Z"}
2024-03-03 02:19:34.2460 ERROR {"Model":"OnActionExecuting","Controller":"HumaneAid","Action":"GetById","Id":"65e1dbdd6509a7314471e445","CreateAt":"2024-03-02T23:19:34.2459916Z"}
2024-03-03 02:19:39.2840 ERROR {"Model":"OnActionExecuting","Controller":"HumaneAid","Action":"Delete","Id":"65e1dbdd6509a7314471e445","CreateAt":"2024-03-02T23:19:39.2839915Z"}
2024-03-03 02:19:39.3870 ERROR An unhandled exception has occurred while executing the request.
2024-03-03 02:19:39.4032 ERROR Connection id "0HN1R1S3JLC40", Request id "0HN1R1S3JLC40:00000002": An unhandled exception was thrown by the application.
2024-03-03 02:19:40.7132 ERROR {"Model":"OnActionExecuting","Controller":"HumaneAid","Action":"GetAll","Id":null,"CreateAt":"2024-03-02T23:19:40.7131777Z"}
2024-03-03 02:19:43.0320 ERROR {"Model":"OnActionExecuting","Controller":"HumaneAid","Action":"GetAllByUserId","Id":null,"CreateAt":"2024-03-02T23:19:43.0320287Z"}
2024-03-03 02:20:27.3819 ERROR {"Model":"OnActionExecuting","Controller":"HumaneAid","Action":"GetAll","Id":null,"CreateAt":"2024-03-02T23:20:27.3819405Z"}
2024-03-03 02:20:31.4872 ERROR {"Model":"OnActionExecuting","Controller":"HumaneAid","Action":"GetAll","Id":null,"CreateAt":"2024-03-02T23:20:31.4872214Z"}
2024-03-03 02:20:31.5052 ERROR {"Model":"OnActionExecuting","Controller":"HumaneAid","Action":"GetAll","Id":null,"CreateAt":"2024-03-02T23:20:31.5051299Z"}
2024-03-03 02:20:31.5560 ERROR {"Model":"OnActionExecuting","Controller":"HumaneAid","Action":"GetAll","Id":null,"CreateAt":"2024-03-02T23:20:31.5560607Z"}
2024-03-03 02:20:31.5813 ERROR {"Model":"OnActionExecuting","Controller":"HumaneAid","Action":"GetAll","Id":null,"CreateAt":"2024-03-02T23:20:31.5813226Z"}
2024-03-03 02:20:31.6403 ERROR {"Model":"OnActionExecuting","Controller":"HumaneAid","Action":"GetAll","Id":null,"CreateAt":"2024-03-02T23:20:31.6402486Z"}
2024-03-03 02:20:31.6977 ERROR {"Model":"OnActionExecuting","Controller":"HumaneAid","Action":"GetAll","Id":null,"CreateAt":"2024-03-02T23:20:31.6977626Z"}
2024-03-03 02:20:34.8181 ERROR {"Model":"OnActionExecuting","Controller":"HumaneAid","Action":"GetAll","Id":null,"CreateAt":"2024-03-02T23:20:34.8181156Z"}
2024-03-03 02:20:34.9401 ERROR {"Model":"OnActionExecuting","Controller":"HumaneAid","Action":"GetAll","Id":null,"CreateAt":"2024-03-02T23:20:34.9381683Z"}
2024-03-03 02:20:34.9401 ERROR {"Model":"OnActionExecuting","Controller":"HumaneAid","Action":"GetAll","Id":null,"CreateAt":"2024-03-02T23:20:34.9519726Z"}
2024-03-03 02:20:35.0049 ERROR {"Model":"OnActionExecuting","Controller":"HumaneAid","Action":"GetAll","Id":null,"CreateAt":"2024-03-02T23:20:35.0049421Z"}
2024-03-03 02:20:35.0372 ERROR {"Model":"OnActionExecuting","Controller":"HumaneAid","Action":"GetAll","Id":null,"CreateAt":"2024-03-02T23:20:35.0371967Z"}
2024-03-03 02:20:35.3890 ERROR {"Model":"OnActionExecuting","Controller":"HumaneAid","Action":"GetAll","Id":null,"CreateAt":"2024-03-02T23:20:35.3890214Z"}
2024-03-03 02:20:35.5755 ERROR {"Model":"OnActionExecuting","Controller":"HumaneAid","Action":"GetAll","Id":null,"CreateAt":"2024-03-02T23:20:35.5755688Z"}
2024-03-03 02:20:35.5962 ERROR {"Model":"OnActionExecuting","Controller":"HumaneAid","Action":"GetAll","Id":null,"CreateAt":"2024-03-02T23:20:35.596251Z"}
2024-03-03 02:20:35.5962 ERROR {"Model":"OnActionExecuting","Controller":"HumaneAid","Action":"GetAll","Id":null,"CreateAt":"2024-03-02T23:20:35.6014687Z"}
2024-03-03 02:20:35.6300 ERROR {"Model":"OnActionExecuting","Controller":"HumaneAid","Action":"GetAll","Id":null,"CreateAt":"2024-03-02T23:20:35.6299717Z"}
2024-03-03 02:20:40.8433 ERROR {"Model":"OnActionExecuting","Controller":"HumaneAid","Action":"GetAll","Id":null,"CreateAt":"2024-03-02T23:20:40.8433628Z"}
2024-03-03 02:20:46.0828 ERROR {"Model":"OnActionExecuting","Controller":"HumaneAid","Action":"GetAll","Id":null,"CreateAt":"2024-03-02T23:20:46.0827719Z"}
2024-03-03 02:20:46.1645 ERROR {"Model":"OnActionExecuting","Controller":"HumaneAid","Action":"GetAll","Id":null,"CreateAt":"2024-03-02T23:20:46.1645272Z"}
2024-03-03 02:20:46.2046 ERROR {"Model":"OnActionExecuting","Controller":"HumaneAid","Action":"GetAll","Id":null,"CreateAt":"2024-03-02T23:20:46.2046198Z"}
2024-03-03 02:20:46.2183 ERROR {"Model":"OnActionExecuting","Controller":"HumaneAid","Action":"GetAll","Id":null,"CreateAt":"2024-03-02T23:20:46.2182203Z"}
2024-03-03 02:20:46.2542 ERROR {"Model":"OnActionExecuting","Controller":"HumaneAid","Action":"GetAll","Id":null,"CreateAt":"2024-03-02T23:20:46.2542551Z"}
2024-03-03 02:20:46.2758 ERROR {"Model":"OnActionExecuting","Controller":"HumaneAid","Action":"GetAll","Id":null,"CreateAt":"2024-03-02T23:20:46.2758286Z"}
2024-03-03 02:20:48.6664 ERROR {"Model":"OnActionExecuting","Controller":"HumaneAid","Action":"GetAll","Id":null,"CreateAt":"2024-03-02T23:20:48.6664381Z"}
2024-03-03 02:20:48.8033 ERROR {"Model":"OnActionExecuting","Controller":"HumaneAid","Action":"GetAll","Id":null,"CreateAt":"2024-03-02T23:20:48.80337Z"}
2024-03-03 02:20:48.8287 ERROR {"Model":"OnActionExecuting","Controller":"HumaneAid","Action":"GetAll","Id":null,"CreateAt":"2024-03-02T23:20:48.8287275Z"}
