2024-03-14 13:25:07.1868 ERROR {"Model":"OnActionExecuting","Controller":"HumaneAid","Action":"GetAll","Id":null,"CreateAt":"2024-03-14T10:25:07.1180499Z"}
2024-03-14 13:25:10.4053 ERROR {"Model":"OnActionExecuting","Controller":"HumaneAid","Action":"GetAll","Id":null,"CreateAt":"2024-03-14T10:25:10.4052245Z"}
2024-03-14 13:25:48.7650 ERROR {"Model":"OnActionExecuting","Controller":"HumaneAid","Action":"GetById","Id":"65e1936a6e0d425494ef8636","CreateAt":"2024-03-14T10:25:48.7648415Z"}
2024-03-14 13:25:58.5203 ERROR {"Model":"OnActionExecuting","Controller":"HumaneAid","Action":"GetById","Id":"65e1998f6e0d425494ef8639","CreateAt":"2024-03-14T10:25:58.5202972Z"}
2024-03-14 13:26:02.2561 ERROR {"Model":"OnActionExecuting","Controller":"HumaneAid","Action":"GetById","Id":"65e1c7746509a7314471e443","CreateAt":"2024-03-14T10:26:02.2561152Z"}
2024-03-14 13:26:08.7941 ERROR {"Model":"OnActionExecuting","Controller":"HumaneAid","Action":"GetAll","Id":null,"CreateAt":"2024-03-14T10:26:08.7941072Z"}
2024-03-14 13:26:08.8402 ERROR {"Model":"OnActionExecuting","Controller":"HumaneAid","Action":"GetAll","Id":null,"CreateAt":"2024-03-14T10:26:08.840179Z"}
2024-03-14 13:29:55.0537 ERROR {"Model":"OnActionExecuting","Controller":"HumaneAid","Action":"GetAll","Id":null,"CreateAt":"2024-03-14T10:29:55.0536402Z"}
2024-03-14 13:29:55.2252 ERROR {"Model":"OnActionExecuting","Controller":"HumaneAid","Action":"GetAll","Id":null,"CreateAt":"2024-03-14T10:29:55.225173Z"}
2024-03-14 13:30:00.1791 ERROR {"Model":"OnActionExecuting","Controller":"HumaneAid","Action":"GetAll","Id":null,"CreateAt":"2024-03-14T10:30:00.1791027Z"}
2024-03-14 13:30:05.6736 ERROR {"Model":"OnActionExecuting","Controller":"HumaneAid","Action":"GetAllByUserId","Id":null,"CreateAt":"2024-03-14T10:30:05.6736055Z"}
2024-03-14 13:30:09.1630 ERROR {"Model":"OnActionExecuting","Controller":"HumaneAid","Action":"GetAllByUserId","Id":null,"CreateAt":"2024-03-14T10:30:09.1629928Z"}
2024-03-14 13:30:19.8442 ERROR {"Model":"OnActionExecuting","Controller":"HumaneAid","Action":"GetAll","Id":null,"CreateAt":"2024-03-14T10:30:19.8441421Z"}
2024-03-14 13:31:18.4988 ERROR {"Model":"OnActionExecuting","Controller":"HumaneAid","Action":"GetAll","Id":null,"CreateAt":"2024-03-14T10:31:18.4987979Z"}
2024-03-14 13:31:20.5205 ERROR {"Model":"OnActionExecuting","Controller":"HumaneAid","Action":"GetAll","Id":null,"CreateAt":"2024-03-14T10:31:20.5205013Z"}
2024-03-14 13:31:24.2243 ERROR {"Model":"OnActionExecuting","Controller":"HumaneAid","Action":"GetAll","Id":null,"CreateAt":"2024-03-14T10:31:24.2243214Z"}
2024-03-14 13:31:24.8080 ERROR {"Model":"OnActionExecuting","Controller":"HumaneAid","Action":"GetAll","Id":null,"CreateAt":"2024-03-14T10:31:24.8079697Z"}
2024-03-14 13:31:24.8171 ERROR {"Model":"OnActionExecuting","Controller":"HumaneAid","Action":"GetAll","Id":null,"CreateAt":"2024-03-14T10:31:24.8171083Z"}
2024-03-14 13:31:25.1950 ERROR {"Model":"OnActionExecuting","Controller":"HumaneAid","Action":"GetAll","Id":null,"CreateAt":"2024-03-14T10:31:25.1949684Z"}
2024-03-14 13:33:25.7567 ERROR {"Model":"OnActionExecuting","Controller":"HumaneAid","Action":"GetAll","Id":null,"CreateAt":"2024-03-14T10:33:25.7549035Z"}
2024-03-14 13:33:25.7567 ERROR {"Model":"OnActionExecuting","Controller":"HumaneAid","Action":"GetAll","Id":null,"CreateAt":"2024-03-14T10:33:25.7648301Z"}
2024-03-14 13:33:25.7933 ERROR {"Model":"OnActionExecuting","Controller":"HumaneAid","Action":"GetAll","Id":null,"CreateAt":"2024-03-14T10:33:25.7932157Z"}
2024-03-14 13:33:26.5558 ERROR {"Model":"OnActionExecuting","Controller":"HumaneAid","Action":"GetById","Id":"65e187536e0d425494ef8624","CreateAt":"2024-03-14T10:33:26.5558079Z"}
2024-03-14 13:44:18.6556 ERROR {"Model":"OnActionExecuting","Controller":"HumaneAid","Action":"GetById","Id":"65e17e4d6e0d425494ef8623","CreateAt":"2024-03-14T10:44:18.6555141Z"}
2024-03-14 13:44:35.1821 ERROR {"Model":"OnActionExecuting","Controller":"HumaneAid","Action":"GetById","Id":"65e187666e0d425494ef8625","CreateAt":"2024-03-14T10:44:35.1820825Z"}
2024-03-14 13:44:37.7755 ERROR {"Model":"OnActionExecuting","Controller":"HumaneAid","Action":"GetById","Id":"65e18a6a6e0d425494ef862a","CreateAt":"2024-03-14T10:44:37.7755548Z"}
2024-03-14 13:56:49.4928 ERROR {"Model":"OnActionExecuting","Controller":"HumaneAid","Action":"GetAll","Id":null,"CreateAt":"2024-03-14T10:56:49.4927529Z"}
2024-03-14 13:56:51.4993 ERROR {"Model":"OnActionExecuting","Controller":"HumaneAid","Action":"GetById","Id":"65e17e4d6e0d425494ef8623","CreateAt":"2024-03-14T10:56:51.4993241Z"}
2024-03-14 13:56:56.8716 ERROR {"Model":"OnActionExecuting","Controller":"HumaneAid","Action":"GetById","Id":"65e17e4d6e0d425494ef8623","CreateAt":"2024-03-14T10:56:56.8716526Z"}
2024-03-14 13:56:59.1825 ERROR {"Model":"OnActionExecuting","Controller":"HumaneAid","Action":"GetById","Id":"65e187936e0d425494ef8626","CreateAt":"2024-03-14T10:56:59.1824282Z"}
2024-03-14 14:03:22.9198 ERROR {"Model":"OnActionExecuting","Controller":"HumaneAid","Action":"GetAll","Id":null,"CreateAt":"2024-03-14T11:03:22.9196987Z"}
2024-03-14 14:13:29.0081 ERROR {"Model":"OnActionExecuting","Controller":"HumaneAid","Action":"GetAll","Id":null,"CreateAt":"2024-03-14T11:13:29.0081102Z"}
2024-03-14 14:14:35.7705 ERROR {"Model":"OnActionExecuting","Controller":"HumaneAid","Action":"GetAll","Id":null,"CreateAt":"2024-03-14T11:14:35.7705423Z"}
2024-03-14 14:14:44.8867 ERROR {"Model":"OnActionExecuting","Controller":"HumaneAid","Action":"GetAll","Id":null,"CreateAt":"2024-03-14T11:14:44.88671Z"}
2024-03-14 14:17:19.7399 ERROR {"Model":"OnActionExecuting","Controller":"HumaneAid","Action":"GetAll","Id":null,"CreateAt":"2024-03-14T11:17:19.7399372Z"}
2024-03-14 14:17:37.7931 ERROR {"Model":"OnActionExecuting","Controller":"HumaneAid","Action":"GetAll","Id":null,"CreateAt":"2024-03-14T11:17:37.7930595Z"}
2024-03-14 14:17:39.4001 ERROR {"Model":"OnActionExecuting","Controller":"HumaneAid","Action":"GetById","Id":"65e17e4d6e0d425494ef8623","CreateAt":"2024-03-14T11:17:39.4000996Z"}
2024-03-14 14:19:16.5776 ERROR {"Model":"OnActionExecuting","Controller":"HumaneAid","Action":"GetAll","Id":null,"CreateAt":"2024-03-14T11:19:16.5775805Z"}
2024-03-14 14:19:54.7681 ERROR {"Model":"OnActionExecuting","Controller":"HumaneAid","Action":"GetAll","Id":null,"CreateAt":"2024-03-14T11:19:54.7680016Z"}
2024-03-14 14:23:28.8239 ERROR {"Model":"OnActionExecuting","Controller":"HumaneAid","Action":"GetAll","Id":null,"CreateAt":"2024-03-14T11:23:28.8239391Z"}
2024-03-14 14:30:59.5220 ERROR {"Model":"OnActionExecuting","Controller":"HumaneAid","Action":"GetAll","Id":null,"CreateAt":"2024-03-14T11:30:59.5219645Z"}
2024-03-14 14:31:06.2371 ERROR {"Model":"OnActionExecuting","Controller":"HumaneAid","Action":"GetById","Id":"65e17e4d6e0d425494ef8623","CreateAt":"2024-03-14T11:31:06.2371519Z"}
2024-03-14 14:31:06.5380 ERROR {"Model":"OnActionExecuting","Controller":"HumaneAid","Action":"GetById","Id":"65e17e4d6e0d425494ef8623","CreateAt":"2024-03-14T11:31:06.5380616Z"}
2024-03-14 14:31:06.6163 ERROR {"Model":"OnActionExecuting","Controller":"HumaneAid","Action":"GetById","Id":"65e17e4d6e0d425494ef8623","CreateAt":"2024-03-14T11:31:06.6162903Z"}
2024-03-14 14:31:06.6398 ERROR {"Model":"OnActionExecuting","Controller":"HumaneAid","Action":"GetById","Id":"65e17e4d6e0d425494ef8623","CreateAt":"2024-03-14T11:31:06.6397825Z"}
2024-03-14 14:31:17.0759 ERROR {"Model":"OnActionExecuting","Controller":"HumaneAid","Action":"GetAll","Id":null,"CreateAt":"2024-03-14T11:31:17.0759716Z"}
2024-03-14 14:31:34.9099 ERROR {"Model":"OnActionExecuting","Controller":"HumaneAid","Action":"GetAll","Id":null,"CreateAt":"2024-03-14T11:31:34.9099191Z"}
2024-03-14 14:31:39.9382 ERROR {"Model":"OnActionExecuting","Controller":"HumaneAid","Action":"GetAllByUserId","Id":null,"CreateAt":"2024-03-14T11:31:39.9382105Z"}
2024-03-14 14:31:41.1680 ERROR {"Model":"OnActionExecuting","Controller":"HumaneAid","Action":"GetById","Id":"65e187666e0d425494ef8625","CreateAt":"2024-03-14T11:31:41.167948Z"}
2024-03-14 14:31:43.0678 ERROR {"Model":"OnActionExecuting","Controller":"HumaneAid","Action":"GetById","Id":"65e187666e0d425494ef8625","CreateAt":"2024-03-14T11:31:43.0677074Z"}
2024-03-14 14:31:45.8163 ERROR {"Model":"OnActionExecuting","Controller":"HumaneAid","Action":"GetAllByUserId","Id":null,"CreateAt":"2024-03-14T11:31:45.8160828Z"}
2024-03-14 14:31:45.8163 ERROR {"Model":"OnActionExecuting","Controller":"HumaneAid","Action":"GetById","Id":"65e187666e0d425494ef8625","CreateAt":"2024-03-14T11:31:45.8163153Z"}
2024-03-14 14:31:45.8163 ERROR {"Model":"OnActionExecuting","Controller":"HumaneAid","Action":"GetById","Id":"65e187666e0d425494ef8625","CreateAt":"2024-03-14T11:31:45.829385Z"}
2024-03-14 14:31:45.9978 ERROR {"Model":"OnActionExecuting","Controller":"HumaneAid","Action":"GetById","Id":"65e187666e0d425494ef8625","CreateAt":"2024-03-14T11:31:45.9977948Z"}
2024-03-14 14:31:46.0101 ERROR {"Model":"OnActionExecuting","Controller":"HumaneAid","Action":"GetAllByUserId","Id":null,"CreateAt":"2024-03-14T11:31:46.0100171Z"}
2024-03-14 14:31:46.1358 ERROR {"Model":"OnActionExecuting","Controller":"HumaneAid","Action":"GetById","Id":"65e187666e0d425494ef8625","CreateAt":"2024-03-14T11:31:46.1358458Z"}
2024-03-14 14:31:46.3258 ERROR {"Model":"OnActionExecuting","Controller":"HumaneAid","Action":"GetById","Id":"65e187666e0d425494ef8625","CreateAt":"2024-03-14T11:31:46.3257978Z"}
2024-03-14 14:31:46.3661 ERROR {"Model":"OnActionExecuting","Controller":"HumaneAid","Action":"GetAllByUserId","Id":null,"CreateAt":"2024-03-14T11:31:46.3660851Z"}
2024-03-14 14:31:46.3970 ERROR {"Model":"OnActionExecuting","Controller":"HumaneAid","Action":"GetById","Id":"65e187666e0d425494ef8625","CreateAt":"2024-03-14T11:31:46.3968986Z"}
2024-03-14 14:32:07.7318 ERROR {"Model":"OnActionExecuting","Controller":"HumaneAid","Action":"GetAll","Id":null,"CreateAt":"2024-03-14T11:32:07.7318189Z"}
2024-03-14 14:32:20.9464 ERROR {"Model":"OnActionExecuting","Controller":"HumaneAid","Action":"GetAllByUserId","Id":null,"CreateAt":"2024-03-14T11:32:20.9464539Z"}
2024-03-14 14:32:22.1310 ERROR {"Model":"OnActionExecuting","Controller":"HumaneAid","Action":"GetById","Id":"65e187666e0d425494ef8625","CreateAt":"2024-03-14T11:32:22.1310064Z"}
2024-03-14 14:32:24.9969 ERROR {"Model":"OnActionExecuting","Controller":"HumaneAid","Action":"GetById","Id":"65e187666e0d425494ef8625","CreateAt":"2024-03-14T11:32:24.9969105Z"}
2024-03-14 14:32:29.1351 ERROR {"Model":"OnActionExecuting","Controller":"HumaneAid","Action":"GetAllByUserId","Id":null,"CreateAt":"2024-03-14T11:32:29.1351515Z"}
2024-03-14 14:32:29.3012 ERROR {"Model":"OnActionExecuting","Controller":"HumaneAid","Action":"GetAllByUserId","Id":null,"CreateAt":"2024-03-14T11:32:29.3012296Z"}
2024-03-14 14:32:29.3233 ERROR {"Model":"OnActionExecuting","Controller":"HumaneAid","Action":"GetById","Id":"65e187666e0d425494ef8625","CreateAt":"2024-03-14T11:32:29.3233556Z"}
2024-03-14 14:32:29.3698 ERROR {"Model":"OnActionExecuting","Controller":"HumaneAid","Action":"GetById","Id":"65e187666e0d425494ef8625","CreateAt":"2024-03-14T11:32:29.3698043Z"}
2024-03-14 14:32:29.3983 ERROR {"Model":"OnActionExecuting","Controller":"HumaneAid","Action":"GetById","Id":"65e187666e0d425494ef8625","CreateAt":"2024-03-14T11:32:29.3982804Z"}
2024-03-14 14:32:29.4191 ERROR {"Model":"OnActionExecuting","Controller":"HumaneAid","Action":"GetById","Id":"65e187666e0d425494ef8625","CreateAt":"2024-03-14T11:32:29.4190409Z"}
2024-03-14 14:33:21.2793 ERROR {"Model":"OnActionExecuting","Controller":"HumaneAid","Action":"Update","Id":null,"CreateAt":"2024-03-14T11:33:21.2793505Z"}
2024-03-14 14:33:21.5327 ERROR An unhandled exception has occurred while executing the request.
2024-03-14 14:33:21.5799 ERROR Connection id "0HN24241IA2OB", Request id "0HN24241IA2OB:00000002": An unhandled exception was thrown by the application.
2024-03-14 14:33:26.3153 ERROR {"Model":"OnActionExecuting","Controller":"HumaneAid","Action":"Update","Id":null,"CreateAt":"2024-03-14T11:33:26.3152911Z"}
2024-03-14 14:33:26.3516 ERROR An unhandled exception has occurred while executing the request.
2024-03-14 14:33:26.3634 ERROR Connection id "0HN24241IA2OC", Request id "0HN24241IA2OC:00000002": An unhandled exception was thrown by the application.
2024-03-14 14:39:09.7534 ERROR {"Model":"OnActionExecuting","Controller":"HumaneAid","Action":"Update","Id":null,"CreateAt":"2024-03-14T11:39:09.7533998Z"}
2024-03-14 14:39:09.7908 ERROR An unhandled exception has occurred while executing the request.
2024-03-14 14:39:09.8042 ERROR Connection id "0HN24241IA2OD", Request id "0HN24241IA2OD:00000002": An unhandled exception was thrown by the application.
2024-03-14 14:40:53.1914 ERROR {"Model":"OnActionExecuting","Controller":"HumaneAid","Action":"Update","Id":null,"CreateAt":"2024-03-14T11:40:53.1913724Z"}
2024-03-14 14:40:53.2400 ERROR An unhandled exception has occurred while executing the request.
2024-03-14 14:40:53.2526 ERROR Connection id "0HN24241IA2OE", Request id "0HN24241IA2OE:00000002": An unhandled exception was thrown by the application.
2024-03-14 14:41:48.6570 ERROR {"Model":"OnActionExecuting","Controller":"HumaneAid","Action":"Update","Id":null,"CreateAt":"2024-03-14T11:41:48.6570663Z"}
2024-03-14 14:41:48.7001 ERROR An unhandled exception has occurred while executing the request.
2024-03-14 14:41:48.7114 ERROR Connection id "0HN24241IA2OF", Request id "0HN24241IA2OF:00000002": An unhandled exception was thrown by the application.
2024-03-14 14:41:52.2364 ERROR {"Model":"OnActionExecuting","Controller":"HumaneAid","Action":"GetAll","Id":null,"CreateAt":"2024-03-14T11:41:52.2363715Z"}
2024-03-14 14:41:57.5780 ERROR {"Model":"OnActionExecuting","Controller":"HumaneAid","Action":"GetAllByUserId","Id":null,"CreateAt":"2024-03-14T11:41:57.5780369Z"}
2024-03-14 14:42:08.0951 ERROR {"Model":"OnActionExecuting","Controller":"HumaneAid","Action":"GetAllByUserId","Id":null,"CreateAt":"2024-03-14T11:42:08.0950749Z"}
2024-03-14 14:42:22.0708 ERROR {"Model":"OnActionExecuting","Controller":"HumaneAid","Action":"GetById","Id":"65e187666e0d425494ef8625","CreateAt":"2024-03-14T11:42:22.0708122Z"}
2024-03-14 14:47:53.5463 ERROR {"Model":"OnActionExecuting","Controller":"HumaneAid","Action":"GetAll","Id":null,"CreateAt":"2024-03-14T11:47:53.5446155Z"}
2024-03-14 14:47:56.1636 ERROR {"Model":"OnActionExecuting","Controller":"HumaneAid","Action":"GetAllByUserId","Id":null,"CreateAt":"2024-03-14T11:47:56.1636336Z"}
2024-03-14 14:48:56.8937 ERROR {"Model":"OnActionExecuting","Controller":"HumaneAid","Action":"GetAllByUserId","Id":null,"CreateAt":"2024-03-14T11:48:56.8921545Z"}
2024-03-14 14:49:57.6057 ERROR {"Model":"OnActionExecuting","Controller":"HumaneAid","Action":"GetAllByUserId","Id":null,"CreateAt":"2024-03-14T11:49:57.605763Z"}
2024-03-14 14:49:58.7643 ERROR {"Model":"OnActionExecuting","Controller":"HumaneAid","Action":"GetById","Id":"65e187666e0d425494ef8625","CreateAt":"2024-03-14T11:49:58.7643468Z"}
2024-03-14 14:55:11.6840 ERROR {"Model":"OnActionExecuting","Controller":"HumaneAid","Action":"GetAll","Id":null,"CreateAt":"2024-03-14T11:55:11.6840759Z"}
2024-03-14 14:55:19.1725 ERROR {"Model":"OnActionExecuting","Controller":"HumaneAid","Action":"GetAll","Id":null,"CreateAt":"2024-03-14T11:55:19.171963Z"}
2024-03-14 15:40:56.0515 ERROR {"Model":"OnActionExecuting","Controller":"HumaneAid","Action":"GetAll","Id":null,"CreateAt":"2024-03-14T12:40:56.0145874Z"}
2024-03-14 15:41:12.9667 ERROR {"Model":"OnActionExecuting","Controller":"HumaneAid","Action":"GetAll","Id":null,"CreateAt":"2024-03-14T12:41:12.9666459Z"}
2024-03-14 15:41:15.0406 ERROR {"Model":"OnActionExecuting","Controller":"HumaneAid","Action":"GetAllByUserId","Id":null,"CreateAt":"2024-03-14T12:41:15.0406107Z"}
2024-03-14 15:56:10.5009 ERROR {"Model":"OnActionExecuting","Controller":"HumaneAid","Action":"GetAllByUserId","Id":null,"CreateAt":"2024-03-14T12:56:10.5008755Z"}
2024-03-14 15:56:11.7565 ERROR {"Model":"OnActionExecuting","Controller":"HumaneAid","Action":"GetById","Id":"65e187666e0d425494ef8625","CreateAt":"2024-03-14T12:56:11.7564947Z"}
2024-03-14 15:56:13.6010 ERROR {"Model":"OnActionExecuting","Controller":"HumaneAid","Action":"GetById","Id":"65e187666e0d425494ef8625","CreateAt":"2024-03-14T12:56:13.6009861Z"}
2024-03-14 15:56:15.0540 ERROR {"Model":"OnActionExecuting","Controller":"HumaneAid","Action":"GetById","Id":"65e187666e0d425494ef8625","CreateAt":"2024-03-14T12:56:15.0539904Z"}
2024-03-14 15:56:16.0246 ERROR {"Model":"OnActionExecuting","Controller":"HumaneAid","Action":"GetById","Id":"65e187666e0d425494ef8625","CreateAt":"2024-03-14T12:56:16.0245966Z"}
2024-03-14 15:56:22.4041 ERROR {"Model":"OnActionExecuting","Controller":"HumaneAid","Action":"GetAllByUserId","Id":null,"CreateAt":"2024-03-14T12:56:22.4041165Z"}
2024-03-14 15:56:34.8746 ERROR {"Model":"OnActionExecuting","Controller":"HumaneAid","Action":"GetAll","Id":null,"CreateAt":"2024-03-14T12:56:34.8745807Z"}
