2024-03-18 10:04:06.9154 ERROR {"Model":"OnActionExecuting","Controller":"HumaneAid","Action":"GetAll","Id":null,"CreateAt":"2024-03-18T07:04:06.8724183Z"}
2024-03-18 10:30:01.4428 ERROR {"Model":"OnActionExecuting","Controller":"HumaneAid","Action":"GetAll","Id":null,"CreateAt":"2024-03-18T07:30:01.4427977Z"}
2024-03-18 10:35:32.5084 ERROR {"Model":"OnActionExecuting","Controller":"HumaneAid","Action":"GetAll","Id":null,"CreateAt":"2024-03-18T07:35:32.5083916Z"}
2024-03-18 10:44:55.9452 ERROR {"Model":"OnActionExecuting","Controller":"HumaneAid","Action":"GetAll","Id":null,"CreateAt":"2024-03-18T07:44:55.9449014Z"}
2024-03-18 10:48:34.5790 ERROR {"Model":"OnActionExecuting","Controller":"HumaneAid","Action":"GetAll","Id":null,"CreateAt":"2024-03-18T07:48:34.5790084Z"}
2024-03-18 10:50:22.0913 ERROR {"Model":"OnActionExecuting","Controller":"HumaneAid","Action":"GetAll","Id":null,"CreateAt":"2024-03-18T07:50:22.0912823Z"}
2024-03-18 10:52:37.8820 ERROR {"Model":"OnActionExecuting","Controller":"HumaneAid","Action":"GetAll","Id":null,"CreateAt":"2024-03-18T07:52:37.8820432Z"}
2024-03-18 10:52:49.1922 ERROR {"Model":"OnActionExecuting","Controller":"HumaneAid","Action":"GetAll","Id":null,"CreateAt":"2024-03-18T07:52:49.1922231Z"}
2024-03-18 10:53:51.6932 ERROR {"Model":"OnActionExecuting","Controller":"HumaneAid","Action":"GetAll","Id":null,"CreateAt":"2024-03-18T07:53:51.6931793Z"}
2024-03-18 10:53:55.4740 ERROR {"Model":"OnActionExecuting","Controller":"HumaneAid","Action":"GetAllByUserId","Id":null,"CreateAt":"2024-03-18T07:53:55.4739134Z"}
2024-03-18 10:54:01.9785 ERROR {"Model":"OnActionExecuting","Controller":"HumaneAid","Action":"GetAll","Id":null,"CreateAt":"2024-03-18T07:54:01.9785307Z"}
2024-03-18 10:54:26.3380 ERROR {"Model":"OnActionExecuting","Controller":"HumaneAid","Action":"GetAll","Id":null,"CreateAt":"2024-03-18T07:54:26.3380009Z"}
2024-03-18 10:54:59.7437 ERROR {"Model":"OnActionExecuting","Controller":"HumaneAid","Action":"GetAll","Id":null,"CreateAt":"2024-03-18T07:54:59.7436061Z"}
2024-03-18 11:08:42.1546 ERROR {"Model":"OnActionExecuting","Controller":"BasisAid","Action":"GettAll","Id":null,"CreateAt":"2024-03-18T08:08:42.1424487Z"}
2024-03-18 11:11:29.4668 ERROR {"Model":"OnActionExecuting","Controller":"HumaneAid","Action":"GetAll","Id":null,"CreateAt":"2024-03-18T08:11:29.4667651Z"}
2024-03-18 11:13:57.2866 ERROR {"Model":"OnActionExecuting","Controller":"BasisAid","Action":"GettAll","Id":null,"CreateAt":"2024-03-18T08:13:57.2737575Z"}
2024-03-18 11:13:57.5869 ERROR An unhandled exception has occurred while executing the request.
2024-03-18 11:13:57.5869 ERROR Something went wrong : Element 'Picture' does not match any field or property of class Services.Aid.Models.BasisAid.
2024-03-18 11:14:59.4713 ERROR {"Model":"OnActionExecuting","Controller":"BasisAid","Action":"GettAll","Id":null,"CreateAt":"2024-03-18T08:14:59.4712908Z"}
2024-03-18 11:24:14.5982 ERROR {"Model":"OnActionExecuting","Controller":"HumaneAid","Action":"GetAll","Id":null,"CreateAt":"2024-03-18T08:24:14.5982074Z"}
2024-03-18 11:24:16.3591 ERROR {"Model":"OnActionExecuting","Controller":"BasisAid","Action":"GettAll","Id":null,"CreateAt":"2024-03-18T08:24:16.359076Z"}
2024-03-18 11:25:02.3546 ERROR {"Model":"OnActionExecuting","Controller":"BasisAid","Action":"Create","Id":null,"CreateAt":"2024-03-18T08:25:02.3545757Z"}
2024-03-18 11:25:07.8143 ERROR {"Model":"OnActionExecuting","Controller":"BasisAid","Action":"Create","Id":null,"CreateAt":"2024-03-18T08:25:07.8142986Z"}
2024-03-18 11:25:12.3999 ERROR {"Model":"OnActionExecuting","Controller":"BasisAid","Action":"Create","Id":null,"CreateAt":"2024-03-18T08:25:12.3998754Z"}
2024-03-18 11:25:14.6086 ERROR {"Model":"OnActionExecuting","Controller":"BasisAid","Action":"Create","Id":null,"CreateAt":"2024-03-18T08:25:14.6086786Z"}
2024-03-18 11:25:14.9344 ERROR {"Model":"OnActionExecuting","Controller":"BasisAid","Action":"Create","Id":null,"CreateAt":"2024-03-18T08:25:14.9343811Z"}
2024-03-18 11:25:18.6080 ERROR {"Model":"OnActionExecuting","Controller":"BasisAid","Action":"GettAll","Id":null,"CreateAt":"2024-03-18T08:25:18.6080478Z"}
2024-03-18 11:25:25.0111 ERROR {"Model":"OnActionExecuting","Controller":"BasisAid","Action":"GettAll","Id":null,"CreateAt":"2024-03-18T08:25:25.0111121Z"}
2024-03-18 11:26:53.6773 ERROR {"Model":"OnActionExecuting","Controller":"BasisAid","Action":"GettAll","Id":null,"CreateAt":"2024-03-18T08:26:53.677336Z"}
2024-03-18 11:27:08.3877 ERROR {"Model":"OnActionExecuting","Controller":"BasisAid","Action":"GettAll","Id":null,"CreateAt":"2024-03-18T08:27:08.3876744Z"}
2024-03-18 11:27:30.8538 ERROR {"Model":"OnActionExecuting","Controller":"BasisAid","Action":"GettAll","Id":null,"CreateAt":"2024-03-18T08:27:30.8537953Z"}
2024-03-18 11:28:41.0938 ERROR {"Model":"OnActionExecuting","Controller":"BasisAid","Action":"GettAll","Id":null,"CreateAt":"2024-03-18T08:28:41.0727663Z"}
2024-03-18 11:29:04.6304 ERROR {"Model":"OnActionExecuting","Controller":"BasisAid","Action":"GettAll","Id":null,"CreateAt":"2024-03-18T08:29:04.630429Z"}
2024-03-18 11:30:30.6375 ERROR {"Model":"OnActionExecuting","Controller":"BasisAid","Action":"GettAll","Id":null,"CreateAt":"2024-03-18T08:30:30.6374651Z"}
2024-03-18 11:30:57.0056 ERROR {"Model":"OnActionExecuting","Controller":"BasisAid","Action":"GettAll","Id":null,"CreateAt":"2024-03-18T08:30:57.0055901Z"}
2024-03-18 11:34:43.8700 ERROR {"Model":"OnActionExecuting","Controller":"BasisAid","Action":"GettAll","Id":null,"CreateAt":"2024-03-18T08:34:43.8595022Z"}
2024-03-18 11:35:48.4241 ERROR {"Model":"OnActionExecuting","Controller":"BasisAid","Action":"GettAll","Id":null,"CreateAt":"2024-03-18T08:35:48.4241128Z"}
2024-03-18 11:52:14.2818 ERROR {"Model":"OnActionExecuting","Controller":"BasisAid","Action":"GettAll","Id":null,"CreateAt":"2024-03-18T08:52:14.2817987Z"}
2024-03-18 11:52:53.8043 ERROR {"Model":"OnActionExecuting","Controller":"BasisAid","Action":"GettAll","Id":null,"CreateAt":"2024-03-18T08:52:53.8043193Z"}
2024-03-18 11:52:54.5382 ERROR {"Model":"OnActionExecuting","Controller":"BasisAid","Action":"GetById","Id":"65f7fa634a233146ed05a9fe","CreateAt":"2024-03-18T08:52:54.5381402Z"}
2024-03-18 11:52:58.1515 ERROR {"Model":"OnActionExecuting","Controller":"BasisAid","Action":"GetById","Id":"65f7fa6a4a233146ed05aa01","CreateAt":"2024-03-18T08:52:58.1514927Z"}
