2024-03-20 11:03:59.9825 ERROR {"Model":"OnActionExecuting","Controller":"BasisAid","Action":"GettAll","Id":null,"CreateAt":"2024-03-20T08:03:59.9684581Z"}
2024-03-20 11:05:42.4388 ERROR {"Model":"OnActionExecuting","Controller":"BasisAid","Action":"GettAll","Id":null,"CreateAt":"2024-03-20T08:05:42.417898Z"}
2024-03-20 11:06:31.5593 ERROR {"Model":"OnActionExecuting","Controller":"HumaneAid","Action":"GetAll","Id":null,"CreateAt":"2024-03-20T08:06:31.5593123Z"}
2024-03-20 11:06:33.8605 ERROR {"Model":"OnActionExecuting","Controller":"HumaneAid","Action":"GetById","Id":"65e18a6a6e0d425494ef862a","CreateAt":"2024-03-20T08:06:33.8604166Z"}
2024-03-20 11:06:41.7203 ERROR {"Model":"OnActionExecuting","Controller":"HumaneAid","Action":"GetAll","Id":null,"CreateAt":"2024-03-20T08:06:41.7202901Z"}
2024-03-20 11:06:53.3288 ERROR {"Model":"OnActionExecuting","Controller":"BasisAid","Action":"GettAll","Id":null,"CreateAt":"2024-03-20T08:06:53.3288069Z"}
2024-03-20 11:07:04.0166 ERROR {"Model":"OnActionExecuting","Controller":"HumaneAid","Action":"GetAll","Id":null,"CreateAt":"2024-03-20T08:07:04.0166221Z"}
2024-03-20 11:07:05.8711 ERROR {"Model":"OnActionExecuting","Controller":"BasisAid","Action":"GettAll","Id":null,"CreateAt":"2024-03-20T08:07:05.8711533Z"}
2024-03-20 11:07:10.6685 ERROR {"Model":"OnActionExecuting","Controller":"BasisAid","Action":"GettAll","Id":null,"CreateAt":"2024-03-20T08:07:10.6685155Z"}
2024-03-20 11:07:27.8085 ERROR {"Model":"OnActionExecuting","Controller":"HumaneAid","Action":"GetAll","Id":null,"CreateAt":"2024-03-20T08:07:27.8084948Z"}
2024-03-20 11:07:35.0390 ERROR {"Model":"OnActionExecuting","Controller":"BasisAid","Action":"GettAll","Id":null,"CreateAt":"2024-03-20T08:07:35.0390344Z"}
2024-03-20 11:07:38.6247 ERROR {"Model":"OnActionExecuting","Controller":"BasisAid","Action":"GetAllByUserId","Id":null,"CreateAt":"2024-03-20T08:07:38.6247569Z"}
2024-03-20 11:07:38.6247 ERROR {"Model":"OnActionExecuting","Controller":"HumaneAid","Action":"GetAllByUserId","Id":null,"CreateAt":"2024-03-20T08:07:38.6251121Z"}
2024-03-20 11:08:13.7223 ERROR {"Model":"OnActionExecuting","Controller":"BasisAid","Action":"GetAllByUserId","Id":null,"CreateAt":"2024-03-20T08:08:13.7222896Z"}
2024-03-20 11:08:13.7459 ERROR {"Model":"OnActionExecuting","Controller":"HumaneAid","Action":"GetAllByUserId","Id":null,"CreateAt":"2024-03-20T08:08:13.7450851Z"}
2024-03-20 11:08:13.9149 ERROR {"Model":"OnActionExecuting","Controller":"HumaneAid","Action":"GetAllByUserId","Id":null,"CreateAt":"2024-03-20T08:08:13.914872Z"}
2024-03-20 11:08:13.9149 ERROR {"Model":"OnActionExecuting","Controller":"BasisAid","Action":"GetAllByUserId","Id":null,"CreateAt":"2024-03-20T08:08:13.9194499Z"}
2024-03-20 11:08:14.0495 ERROR {"Model":"OnActionExecuting","Controller":"HumaneAid","Action":"GetAllByUserId","Id":null,"CreateAt":"2024-03-20T08:08:14.0495349Z"}
2024-03-20 11:08:14.0495 ERROR {"Model":"OnActionExecuting","Controller":"BasisAid","Action":"GetAllByUserId","Id":null,"CreateAt":"2024-03-20T08:08:14.0499839Z"}
2024-03-20 11:08:37.6911 ERROR {"Model":"OnActionExecuting","Controller":"BasisAid","Action":"GetAllByUserId","Id":null,"CreateAt":"2024-03-20T08:08:37.6911193Z"}
2024-03-20 11:08:37.7832 ERROR {"Model":"OnActionExecuting","Controller":"HumaneAid","Action":"GetAllByUserId","Id":null,"CreateAt":"2024-03-20T08:08:37.7832302Z"}
2024-03-20 11:08:44.8257 ERROR {"Model":"OnActionExecuting","Controller":"BasisAid","Action":"GetAllByUserId","Id":null,"CreateAt":"2024-03-20T08:08:44.8257633Z"}
2024-03-20 11:08:44.8257 ERROR {"Model":"OnActionExecuting","Controller":"HumaneAid","Action":"GetAllByUserId","Id":null,"CreateAt":"2024-03-20T08:08:44.8283518Z"}
2024-03-20 11:17:11.2481 ERROR {"Model":"OnActionExecuting","Controller":"HumaneAid","Action":"GetAllByUserId","Id":null,"CreateAt":"2024-03-20T08:17:11.2481155Z"}
2024-03-20 11:17:11.2715 ERROR {"Model":"OnActionExecuting","Controller":"BasisAid","Action":"GetAllByUserId","Id":null,"CreateAt":"2024-03-20T08:17:11.2714834Z"}
2024-03-20 11:19:29.1087 ERROR {"Model":"OnActionExecuting","Controller":"BasisAid","Action":"GettAll","Id":null,"CreateAt":"2024-03-20T08:19:29.1086737Z"}
2024-03-20 11:19:30.5510 ERROR {"Model":"OnActionExecuting","Controller":"BasisAid","Action":"GettAll","Id":null,"CreateAt":"2024-03-20T08:19:30.5510739Z"}
2024-03-20 11:21:35.5271 ERROR {"Model":"OnActionExecuting","Controller":"BasisAid","Action":"GettAll","Id":null,"CreateAt":"2024-03-20T08:21:35.5270531Z"}
2024-03-20 11:21:38.1813 ERROR {"Model":"OnActionExecuting","Controller":"BasisAid","Action":"GetAllByUserId","Id":null,"CreateAt":"2024-03-20T08:21:38.1812727Z"}
2024-03-20 11:21:38.3361 ERROR {"Model":"OnActionExecuting","Controller":"HumaneAid","Action":"GetAllByUserId","Id":null,"CreateAt":"2024-03-20T08:21:38.3360576Z"}
2024-03-20 11:21:41.5969 ERROR {"Model":"OnActionExecuting","Controller":"BasisAid","Action":"GetAllByUserId","Id":null,"CreateAt":"2024-03-20T08:21:41.5968877Z"}
2024-03-20 11:21:41.7448 ERROR {"Model":"OnActionExecuting","Controller":"HumaneAid","Action":"GetAllByUserId","Id":null,"CreateAt":"2024-03-20T08:21:41.7448424Z"}
2024-03-20 11:21:43.4674 ERROR {"Model":"OnActionExecuting","Controller":"BasisAid","Action":"GetAllByUserId","Id":null,"CreateAt":"2024-03-20T08:21:43.4674564Z"}
2024-03-20 11:21:43.5822 ERROR {"Model":"OnActionExecuting","Controller":"HumaneAid","Action":"GetAllByUserId","Id":null,"CreateAt":"2024-03-20T08:21:43.5822188Z"}
2024-03-20 11:21:45.5117 ERROR {"Model":"OnActionExecuting","Controller":"BasisAid","Action":"GetAllByUserId","Id":null,"CreateAt":"2024-03-20T08:21:45.5117051Z"}
2024-03-20 11:21:45.6278 ERROR {"Model":"OnActionExecuting","Controller":"HumaneAid","Action":"GetAllByUserId","Id":null,"CreateAt":"2024-03-20T08:21:45.6278423Z"}
2024-03-20 11:21:47.5320 ERROR {"Model":"OnActionExecuting","Controller":"BasisAid","Action":"GetAllByUserId","Id":null,"CreateAt":"2024-03-20T08:21:47.5320707Z"}
2024-03-20 11:21:47.6306 ERROR {"Model":"OnActionExecuting","Controller":"HumaneAid","Action":"GetAllByUserId","Id":null,"CreateAt":"2024-03-20T08:21:47.6306377Z"}
2024-03-20 11:21:49.3963 ERROR {"Model":"OnActionExecuting","Controller":"BasisAid","Action":"GetAllByUserId","Id":null,"CreateAt":"2024-03-20T08:21:49.3963629Z"}
2024-03-20 11:21:49.5061 ERROR {"Model":"OnActionExecuting","Controller":"HumaneAid","Action":"GetAllByUserId","Id":null,"CreateAt":"2024-03-20T08:21:49.5061032Z"}
2024-03-20 11:21:54.6624 ERROR {"Model":"OnActionExecuting","Controller":"BasisAid","Action":"GetAllByUserId","Id":null,"CreateAt":"2024-03-20T08:21:54.6624197Z"}
2024-03-20 11:21:54.7626 ERROR {"Model":"OnActionExecuting","Controller":"HumaneAid","Action":"GetAllByUserId","Id":null,"CreateAt":"2024-03-20T08:21:54.7626705Z"}
2024-03-20 11:23:15.7842 ERROR {"Model":"OnActionExecuting","Controller":"BasisAid","Action":"GettAll","Id":null,"CreateAt":"2024-03-20T08:23:15.7842432Z"}
2024-03-20 11:23:56.4817 ERROR {"Model":"OnActionExecuting","Controller":"BasisAid","Action":"GetAllByUserId","Id":null,"CreateAt":"2024-03-20T08:23:56.4817105Z"}
2024-03-20 11:23:56.6313 ERROR {"Model":"OnActionExecuting","Controller":"HumaneAid","Action":"GetAllByUserId","Id":null,"CreateAt":"2024-03-20T08:23:56.6313016Z"}
2024-03-20 11:23:59.3378 ERROR {"Model":"OnActionExecuting","Controller":"BasisAid","Action":"GetAllByUserId","Id":null,"CreateAt":"2024-03-20T08:23:59.3378083Z"}
2024-03-20 11:23:59.4362 ERROR {"Model":"OnActionExecuting","Controller":"HumaneAid","Action":"GetAllByUserId","Id":null,"CreateAt":"2024-03-20T08:23:59.4362446Z"}
2024-03-20 11:24:01.6548 ERROR {"Model":"OnActionExecuting","Controller":"BasisAid","Action":"GetAllByUserId","Id":null,"CreateAt":"2024-03-20T08:24:01.6548551Z"}
2024-03-20 11:24:01.7417 ERROR {"Model":"OnActionExecuting","Controller":"HumaneAid","Action":"GetAllByUserId","Id":null,"CreateAt":"2024-03-20T08:24:01.7417151Z"}
2024-03-20 11:24:06.5481 ERROR {"Model":"OnActionExecuting","Controller":"BasisAid","Action":"GetAllByUserId","Id":null,"CreateAt":"2024-03-20T08:24:06.5480964Z"}
2024-03-20 11:24:06.6416 ERROR {"Model":"OnActionExecuting","Controller":"HumaneAid","Action":"GetAllByUserId","Id":null,"CreateAt":"2024-03-20T08:24:06.6416224Z"}
2024-03-20 11:24:08.6133 ERROR {"Model":"OnActionExecuting","Controller":"BasisAid","Action":"GetAllByUserId","Id":null,"CreateAt":"2024-03-20T08:24:08.6133523Z"}
2024-03-20 11:24:08.7171 ERROR {"Model":"OnActionExecuting","Controller":"HumaneAid","Action":"GetAllByUserId","Id":null,"CreateAt":"2024-03-20T08:24:08.7171704Z"}
2024-03-20 11:24:10.3138 ERROR {"Model":"OnActionExecuting","Controller":"BasisAid","Action":"GetAllByUserId","Id":null,"CreateAt":"2024-03-20T08:24:10.3138794Z"}
2024-03-20 11:24:10.4046 ERROR {"Model":"OnActionExecuting","Controller":"HumaneAid","Action":"GetAllByUserId","Id":null,"CreateAt":"2024-03-20T08:24:10.4046268Z"}
2024-03-20 11:24:17.7445 ERROR {"Model":"OnActionExecuting","Controller":"BasisAid","Action":"GetById","Id":"65f989e04476a630be994628","CreateAt":"2024-03-20T08:24:17.7445667Z"}
2024-03-20 11:24:19.8769 ERROR {"Model":"OnActionExecuting","Controller":"BasisAid","Action":"GetById","Id":"65f989e04476a630be994628","CreateAt":"2024-03-20T08:24:19.8769781Z"}
2024-03-20 11:24:22.0026 ERROR {"Model":"OnActionExecuting","Controller":"BasisAid","Action":"GetAllByUserId","Id":null,"CreateAt":"2024-03-20T08:24:22.0026803Z"}
2024-03-20 11:24:22.0864 ERROR {"Model":"OnActionExecuting","Controller":"HumaneAid","Action":"GetAllByUserId","Id":null,"CreateAt":"2024-03-20T08:24:22.0864563Z"}
2024-03-20 11:24:24.5124 ERROR {"Model":"OnActionExecuting","Controller":"BasisAid","Action":"GetAllByUserId","Id":null,"CreateAt":"2024-03-20T08:24:24.5124603Z"}
2024-03-20 11:24:24.6263 ERROR {"Model":"OnActionExecuting","Controller":"HumaneAid","Action":"GetAllByUserId","Id":null,"CreateAt":"2024-03-20T08:24:24.6263545Z"}
2024-03-20 11:24:26.4910 ERROR {"Model":"OnActionExecuting","Controller":"BasisAid","Action":"GetAllByUserId","Id":null,"CreateAt":"2024-03-20T08:24:26.4910708Z"}
2024-03-20 11:24:26.5924 ERROR {"Model":"OnActionExecuting","Controller":"HumaneAid","Action":"GetAllByUserId","Id":null,"CreateAt":"2024-03-20T08:24:26.5924186Z"}
2024-03-20 11:25:09.5817 ERROR {"Model":"OnActionExecuting","Controller":"HumaneAid","Action":"GetAllByUserId","Id":null,"CreateAt":"2024-03-20T08:25:09.5817306Z"}
2024-03-20 11:25:17.8644 ERROR {"Model":"OnActionExecuting","Controller":"HumaneAid","Action":"GetAllByUserId","Id":null,"CreateAt":"2024-03-20T08:25:17.8644002Z"}
2024-03-20 11:25:17.9038 ERROR {"Model":"OnActionExecuting","Controller":"HumaneAid","Action":"GetAllByUserId","Id":null,"CreateAt":"2024-03-20T08:25:17.903882Z"}
2024-03-20 11:25:20.1250 ERROR {"Model":"OnActionExecuting","Controller":"HumaneAid","Action":"GetAllByUserId","Id":null,"CreateAt":"2024-03-20T08:25:20.1249815Z"}
2024-03-20 11:25:20.1715 ERROR {"Model":"OnActionExecuting","Controller":"HumaneAid","Action":"GetAllByUserId","Id":null,"CreateAt":"2024-03-20T08:25:20.1714784Z"}
2024-03-20 11:25:58.3426 ERROR {"Model":"OnActionExecuting","Controller":"BasisAid","Action":"GetAllByUserId","Id":null,"CreateAt":"2024-03-20T08:25:58.3426346Z"}
2024-03-20 11:25:58.4845 ERROR {"Model":"OnActionExecuting","Controller":"HumaneAid","Action":"GetAllByUserId","Id":null,"CreateAt":"2024-03-20T08:25:58.4845624Z"}
2024-03-20 11:26:00.3002 ERROR {"Model":"OnActionExecuting","Controller":"BasisAid","Action":"GetAllByUserId","Id":null,"CreateAt":"2024-03-20T08:26:00.3002171Z"}
2024-03-20 11:26:00.3920 ERROR {"Model":"OnActionExecuting","Controller":"HumaneAid","Action":"GetAllByUserId","Id":null,"CreateAt":"2024-03-20T08:26:00.3920179Z"}
2024-03-20 11:26:06.3036 ERROR {"Model":"OnActionExecuting","Controller":"BasisAid","Action":"GetAllByUserId","Id":null,"CreateAt":"2024-03-20T08:26:06.3036355Z"}
2024-03-20 11:26:06.3949 ERROR {"Model":"OnActionExecuting","Controller":"HumaneAid","Action":"GetAllByUserId","Id":null,"CreateAt":"2024-03-20T08:26:06.3949696Z"}
2024-03-20 11:26:06.9880 ERROR {"Model":"OnActionExecuting","Controller":"HumaneAid","Action":"GetById","Id":"65f42bb1e35d85869452820e","CreateAt":"2024-03-20T08:26:06.9879785Z"}
2024-03-20 11:26:07.7886 ERROR {"Model":"OnActionExecuting","Controller":"HumaneAid","Action":"GetById","Id":"65f42bb1e35d85869452820e","CreateAt":"2024-03-20T08:26:07.7886073Z"}
2024-03-20 11:26:10.0208 ERROR {"Model":"OnActionExecuting","Controller":"HumaneAid","Action":"GetById","Id":"65f42bb1e35d85869452820e","CreateAt":"2024-03-20T08:26:10.0208715Z"}
2024-03-20 11:26:11.7387 ERROR {"Model":"OnActionExecuting","Controller":"HumaneAid","Action":"GetById","Id":"65f42bb1e35d85869452820e","CreateAt":"2024-03-20T08:26:11.7387442Z"}
2024-03-20 11:26:13.4052 ERROR {"Model":"OnActionExecuting","Controller":"HumaneAid","Action":"GetById","Id":"65f42bb1e35d85869452820e","CreateAt":"2024-03-20T08:26:13.4052432Z"}
2024-03-20 11:26:23.1709 ERROR {"Model":"OnActionExecuting","Controller":"BasisAid","Action":"GetById","Id":"65f989e04476a630be994628","CreateAt":"2024-03-20T08:26:23.1709336Z"}
2024-03-20 11:26:25.5662 ERROR {"Model":"OnActionExecuting","Controller":"BasisAid","Action":"GetById","Id":"65f989e04476a630be994628","CreateAt":"2024-03-20T08:26:25.5661911Z"}
2024-03-20 11:26:27.9604 ERROR {"Model":"OnActionExecuting","Controller":"BasisAid","Action":"GetById","Id":"65f989e04476a630be994628","CreateAt":"2024-03-20T08:26:27.9604491Z"}
2024-03-20 11:26:29.8230 ERROR {"Model":"OnActionExecuting","Controller":"BasisAid","Action":"GetById","Id":"65f989e04476a630be994628","CreateAt":"2024-03-20T08:26:29.8230245Z"}
2024-03-20 11:30:34.7255 ERROR {"Model":"OnActionExecuting","Controller":"HumaneAid","Action":"GetAllByUserId","Id":null,"CreateAt":"2024-03-20T08:30:34.7255068Z"}
2024-03-20 11:31:29.1137 ERROR {"Model":"OnActionExecuting","Controller":"HumaneAid","Action":"GetAllByUserId","Id":null,"CreateAt":"2024-03-20T08:31:29.1137021Z"}
2024-03-20 11:32:15.1171 ERROR {"Model":"OnActionExecuting","Controller":"HumaneAid","Action":"GetAllByUserId","Id":null,"CreateAt":"2024-03-20T08:32:15.1171361Z"}
2024-03-20 11:32:15.1641 ERROR {"Model":"OnActionExecuting","Controller":"HumaneAid","Action":"GetAllByUserId","Id":null,"CreateAt":"2024-03-20T08:32:15.164151Z"}
2024-03-20 11:32:22.9814 ERROR {"Model":"OnActionExecuting","Controller":"BasisAid","Action":"GettAll","Id":null,"CreateAt":"2024-03-20T08:32:22.9814634Z"}
2024-03-20 11:32:25.4278 ERROR {"Model":"OnActionExecuting","Controller":"BasisAid","Action":"GetAllByUserId","Id":null,"CreateAt":"2024-03-20T08:32:25.4278724Z"}
2024-03-20 11:32:25.4278 ERROR {"Model":"OnActionExecuting","Controller":"HumaneAid","Action":"GetAllByUserId","Id":null,"CreateAt":"2024-03-20T08:32:25.4348596Z"}
2024-03-20 11:32:25.5375 ERROR {"Model":"OnActionExecuting","Controller":"HumaneAid","Action":"GetAllByUserId","Id":null,"CreateAt":"2024-03-20T08:32:25.5375359Z"}
2024-03-20 11:32:27.3223 ERROR {"Model":"OnActionExecuting","Controller":"BasisAid","Action":"GetAllByUserId","Id":null,"CreateAt":"2024-03-20T08:32:27.3223835Z"}
2024-03-20 11:32:27.3223 ERROR {"Model":"OnActionExecuting","Controller":"HumaneAid","Action":"GetAllByUserId","Id":null,"CreateAt":"2024-03-20T08:32:27.3239323Z"}
2024-03-20 11:32:27.4334 ERROR {"Model":"OnActionExecuting","Controller":"HumaneAid","Action":"GetAllByUserId","Id":null,"CreateAt":"2024-03-20T08:32:27.4334677Z"}
2024-03-20 11:32:29.1026 ERROR {"Model":"OnActionExecuting","Controller":"HumaneAid","Action":"GetAllByUserId","Id":null,"CreateAt":"2024-03-20T08:32:29.1026769Z"}
2024-03-20 11:32:29.1026 ERROR {"Model":"OnActionExecuting","Controller":"BasisAid","Action":"GetAllByUserId","Id":null,"CreateAt":"2024-03-20T08:32:29.10331Z"}
2024-03-20 11:32:29.2252 ERROR {"Model":"OnActionExecuting","Controller":"HumaneAid","Action":"GetAllByUserId","Id":null,"CreateAt":"2024-03-20T08:32:29.2252043Z"}
2024-03-20 11:39:11.1848 ERROR {"Model":"OnActionExecuting","Controller":"BasisAid","Action":"GetAllByUserId","Id":null,"CreateAt":"2024-03-20T08:39:11.1848022Z"}
2024-03-20 11:39:11.2179 ERROR {"Model":"OnActionExecuting","Controller":"HumaneAid","Action":"GetAllByUserId","Id":null,"CreateAt":"2024-03-20T08:39:11.2179393Z"}
2024-03-20 11:39:11.3146 ERROR {"Model":"OnActionExecuting","Controller":"HumaneAid","Action":"GetAllByUserId","Id":null,"CreateAt":"2024-03-20T08:39:11.3146733Z"}
2024-03-20 11:39:17.4106 ERROR {"Model":"OnActionExecuting","Controller":"BasisAid","Action":"GetAllByUserId","Id":null,"CreateAt":"2024-03-20T08:39:17.4106091Z"}
2024-03-20 11:39:17.4288 ERROR {"Model":"OnActionExecuting","Controller":"HumaneAid","Action":"GetAllByUserId","Id":null,"CreateAt":"2024-03-20T08:39:17.4288041Z"}
2024-03-20 11:39:17.5124 ERROR {"Model":"OnActionExecuting","Controller":"HumaneAid","Action":"GetAllByUserId","Id":null,"CreateAt":"2024-03-20T08:39:17.5124709Z"}
2024-03-20 11:39:34.0023 ERROR {"Model":"OnActionExecuting","Controller":"HumaneAid","Action":"GetAllByUserId","Id":null,"CreateAt":"2024-03-20T08:39:34.0023431Z"}
2024-03-20 11:39:34.0251 ERROR {"Model":"OnActionExecuting","Controller":"HumaneAid","Action":"GetAllByUserId","Id":null,"CreateAt":"2024-03-20T08:39:34.025142Z"}
2024-03-20 11:39:35.1934 ERROR {"Model":"OnActionExecuting","Controller":"HumaneAid","Action":"GetAllByUserId","Id":null,"CreateAt":"2024-03-20T08:39:35.1934211Z"}
2024-03-20 11:39:39.9894 ERROR {"Model":"OnActionExecuting","Controller":"BasisAid","Action":"GetAllByUserId","Id":null,"CreateAt":"2024-03-20T08:39:39.9894723Z"}
2024-03-20 11:39:39.9894 ERROR {"Model":"OnActionExecuting","Controller":"HumaneAid","Action":"GetAllByUserId","Id":null,"CreateAt":"2024-03-20T08:39:39.9967956Z"}
2024-03-20 11:39:40.0961 ERROR {"Model":"OnActionExecuting","Controller":"HumaneAid","Action":"GetAllByUserId","Id":null,"CreateAt":"2024-03-20T08:39:40.0961715Z"}
2024-03-20 11:39:46.0989 ERROR {"Model":"OnActionExecuting","Controller":"HumaneAid","Action":"GetAllByUserId","Id":null,"CreateAt":"2024-03-20T08:39:46.0988835Z"}
2024-03-20 11:39:53.7239 ERROR {"Model":"OnActionExecuting","Controller":"HumaneAid","Action":"GetAllByUserId","Id":null,"CreateAt":"2024-03-20T08:39:53.7239272Z"}
2024-03-20 11:39:53.7640 ERROR {"Model":"OnActionExecuting","Controller":"HumaneAid","Action":"GetAllByUserId","Id":null,"CreateAt":"2024-03-20T08:39:53.7640389Z"}
2024-03-20 11:39:57.2817 ERROR {"Model":"OnActionExecuting","Controller":"BasisAid","Action":"GetAllByUserId","Id":null,"CreateAt":"2024-03-20T08:39:57.2817506Z"}
2024-03-20 11:39:57.2889 ERROR {"Model":"OnActionExecuting","Controller":"HumaneAid","Action":"GetAllByUserId","Id":null,"CreateAt":"2024-03-20T08:39:57.2888905Z"}
2024-03-20 11:39:57.3738 ERROR {"Model":"OnActionExecuting","Controller":"HumaneAid","Action":"GetAllByUserId","Id":null,"CreateAt":"2024-03-20T08:39:57.3738018Z"}
2024-03-20 11:39:59.3216 ERROR {"Model":"OnActionExecuting","Controller":"BasisAid","Action":"GetAllByUserId","Id":null,"CreateAt":"2024-03-20T08:39:59.3216272Z"}
2024-03-20 11:39:59.3216 ERROR {"Model":"OnActionExecuting","Controller":"HumaneAid","Action":"GetAllByUserId","Id":null,"CreateAt":"2024-03-20T08:39:59.326158Z"}
2024-03-20 11:39:59.4457 ERROR {"Model":"OnActionExecuting","Controller":"HumaneAid","Action":"GetAllByUserId","Id":null,"CreateAt":"2024-03-20T08:39:59.4457647Z"}
2024-03-20 11:40:04.0110 ERROR {"Model":"OnActionExecuting","Controller":"HumaneAid","Action":"GetAllByUserId","Id":null,"CreateAt":"2024-03-20T08:40:04.0109861Z"}
2024-03-20 11:41:57.5650 ERROR {"Model":"OnActionExecuting","Controller":"HumaneAid","Action":"GetAllByUserId","Id":null,"CreateAt":"2024-03-20T08:41:57.5649898Z"}
2024-03-20 11:41:57.6283 ERROR {"Model":"OnActionExecuting","Controller":"HumaneAid","Action":"GetAllByUserId","Id":null,"CreateAt":"2024-03-20T08:41:57.6283791Z"}
2024-03-20 11:42:00.0051 ERROR {"Model":"OnActionExecuting","Controller":"HumaneAid","Action":"GetAllByUserId","Id":null,"CreateAt":"2024-03-20T08:42:00.0051628Z"}
2024-03-20 11:42:00.0592 ERROR {"Model":"OnActionExecuting","Controller":"HumaneAid","Action":"GetAllByUserId","Id":null,"CreateAt":"2024-03-20T08:42:00.0592033Z"}
2024-03-20 11:42:09.7200 ERROR {"Model":"OnActionExecuting","Controller":"BasisAid","Action":"GetAllByUserId","Id":null,"CreateAt":"2024-03-20T08:42:09.7200498Z"}
2024-03-20 11:42:09.7230 ERROR {"Model":"OnActionExecuting","Controller":"HumaneAid","Action":"GetAllByUserId","Id":null,"CreateAt":"2024-03-20T08:42:09.7229488Z"}
2024-03-20 11:42:09.8951 ERROR {"Model":"OnActionExecuting","Controller":"HumaneAid","Action":"GetAllByUserId","Id":null,"CreateAt":"2024-03-20T08:42:09.8941359Z"}
2024-03-20 11:42:14.5863 ERROR {"Model":"OnActionExecuting","Controller":"BasisAid","Action":"GetAllByUserId","Id":null,"CreateAt":"2024-03-20T08:42:14.5862858Z"}
2024-03-20 11:42:14.5863 ERROR {"Model":"OnActionExecuting","Controller":"HumaneAid","Action":"GetAllByUserId","Id":null,"CreateAt":"2024-03-20T08:42:14.5940401Z"}
2024-03-20 11:42:14.7042 ERROR {"Model":"OnActionExecuting","Controller":"HumaneAid","Action":"GetAllByUserId","Id":null,"CreateAt":"2024-03-20T08:42:14.7042483Z"}
2024-03-20 11:42:45.9243 ERROR {"Model":"OnActionExecuting","Controller":"HumaneAid","Action":"GetAllByUserId","Id":null,"CreateAt":"2024-03-20T08:42:45.9243104Z"}
2024-03-20 11:43:00.1673 ERROR {"Model":"OnActionExecuting","Controller":"HumaneAid","Action":"GetAllByUserId","Id":null,"CreateAt":"2024-03-20T08:43:00.1673184Z"}
2024-03-20 11:43:56.2415 ERROR {"Model":"OnActionExecuting","Controller":"HumaneAid","Action":"GetAllByUserId","Id":null,"CreateAt":"2024-03-20T08:43:56.2414904Z"}
2024-03-20 11:44:05.6828 ERROR {"Model":"OnActionExecuting","Controller":"HumaneAid","Action":"GetAllByUserId","Id":null,"CreateAt":"2024-03-20T08:44:05.6828703Z"}
2024-03-20 11:44:05.8066 ERROR {"Model":"OnActionExecuting","Controller":"HumaneAid","Action":"GetAllByUserId","Id":null,"CreateAt":"2024-03-20T08:44:05.8065971Z"}
2024-03-20 11:48:41.5203 ERROR {"Model":"OnActionExecuting","Controller":"HumaneAid","Action":"GetAllByUserId","Id":null,"CreateAt":"2024-03-20T08:48:41.5203503Z"}
2024-03-20 11:48:41.5203 ERROR {"Model":"OnActionExecuting","Controller":"BasisAid","Action":"GetAllByUserId","Id":null,"CreateAt":"2024-03-20T08:48:41.5204038Z"}
2024-03-20 11:48:54.6512 ERROR {"Model":"OnActionExecuting","Controller":"BasisAid","Action":"GetAllByUserId","Id":null,"CreateAt":"2024-03-20T08:48:54.6512443Z"}
2024-03-20 11:48:54.6620 ERROR {"Model":"OnActionExecuting","Controller":"HumaneAid","Action":"GetAllByUserId","Id":null,"CreateAt":"2024-03-20T08:48:54.661774Z"}
2024-03-20 11:49:09.2728 ERROR {"Model":"OnActionExecuting","Controller":"BasisAid","Action":"GetAllByUserId","Id":null,"CreateAt":"2024-03-20T08:49:09.2727879Z"}
2024-03-20 11:49:09.2728 ERROR {"Model":"OnActionExecuting","Controller":"HumaneAid","Action":"GetAllByUserId","Id":null,"CreateAt":"2024-03-20T08:49:09.2821723Z"}
2024-03-20 11:49:17.0566 ERROR {"Model":"OnActionExecuting","Controller":"BasisAid","Action":"GetAllByUserId","Id":null,"CreateAt":"2024-03-20T08:49:17.0565902Z"}
2024-03-20 11:49:17.0650 ERROR {"Model":"OnActionExecuting","Controller":"HumaneAid","Action":"GetAllByUserId","Id":null,"CreateAt":"2024-03-20T08:49:17.0649795Z"}
2024-03-20 11:49:17.4009 ERROR {"Model":"OnActionExecuting","Controller":"HumaneAid","Action":"GetById","Id":"65f42bb1e35d85869452820e","CreateAt":"2024-03-20T08:49:17.4009109Z"}
2024-03-20 11:49:21.7658 ERROR {"Model":"OnActionExecuting","Controller":"BasisAid","Action":"GetAllByUserId","Id":null,"CreateAt":"2024-03-20T08:49:21.7658314Z"}
2024-03-20 11:49:21.7785 ERROR {"Model":"OnActionExecuting","Controller":"HumaneAid","Action":"GetAllByUserId","Id":null,"CreateAt":"2024-03-20T08:49:21.778559Z"}
2024-03-20 13:28:06.7268 ERROR {"Model":"OnActionExecuting","Controller":"HumaneAid","Action":"GetAll","Id":null,"CreateAt":"2024-03-20T10:28:06.6966961Z"}
2024-03-20 13:28:08.2305 ERROR {"Model":"OnActionExecuting","Controller":"HumaneAid","Action":"GetAll","Id":null,"CreateAt":"2024-03-20T10:28:08.2303085Z"}
2024-03-20 13:28:32.1255 ERROR {"Model":"OnActionExecuting","Controller":"HumaneAid","Action":"GetAll","Id":null,"CreateAt":"2024-03-20T10:28:32.12551Z"}
2024-03-20 13:28:43.4851 ERROR {"Model":"OnActionExecuting","Controller":"BasisAid","Action":"GetAllByUserId","Id":null,"CreateAt":"2024-03-20T10:28:43.4848721Z"}
2024-03-20 13:28:43.4851 ERROR {"Model":"OnActionExecuting","Controller":"HumaneAid","Action":"GetAllByUserId","Id":null,"CreateAt":"2024-03-20T10:28:43.4848721Z"}
2024-03-20 13:46:55.1152 ERROR {"Model":"OnActionExecuting","Controller":"HumaneAid","Action":"GetAll","Id":null,"CreateAt":"2024-03-20T10:46:55.0846127Z"}
2024-03-20 13:50:40.6749 ERROR {"Model":"OnActionExecuting","Controller":"BasisAid","Action":"GettAll","Id":null,"CreateAt":"2024-03-20T10:50:40.6747441Z"}
2024-03-20 13:50:59.1472 ERROR {"Model":"OnActionExecuting","Controller":"BasisAid","Action":"GettAll","Id":null,"CreateAt":"2024-03-20T10:50:59.1471051Z"}
2024-03-20 13:51:09.6128 ERROR {"Model":"OnActionExecuting","Controller":"BasisAid","Action":"GetAllByUserId","Id":null,"CreateAt":"2024-03-20T10:51:09.6126627Z"}
2024-03-20 13:51:09.6128 ERROR {"Model":"OnActionExecuting","Controller":"HumaneAid","Action":"GetAllByUserId","Id":null,"CreateAt":"2024-03-20T10:51:09.6126798Z"}
2024-03-20 13:51:23.9531 ERROR {"Model":"OnActionExecuting","Controller":"HumaneAid","Action":"GetAllByUserId","Id":null,"CreateAt":"2024-03-20T10:51:23.9528252Z"}
2024-03-20 13:51:24.0086 ERROR {"Model":"OnActionExecuting","Controller":"BasisAid","Action":"GetAllByUserId","Id":null,"CreateAt":"2024-03-20T10:51:24.008639Z"}
2024-03-20 13:51:24.9802 ERROR {"Model":"OnActionExecuting","Controller":"HumaneAid","Action":"GetById","Id":"65f42bb1e35d85869452820e","CreateAt":"2024-03-20T10:51:24.9801667Z"}
2024-03-20 14:20:35.3240 ERROR {"Model":"OnActionExecuting","Controller":"BasisAid","Action":"GettAll","Id":null,"CreateAt":"2024-03-20T11:20:35.3233507Z"}
2024-03-20 14:21:13.2606 ERROR {"Model":"OnActionExecuting","Controller":"BasisAid","Action":"GettAll","Id":null,"CreateAt":"2024-03-20T11:21:13.2605506Z"}
2024-03-20 14:21:31.3007 ERROR {"Model":"OnActionExecuting","Controller":"HumaneAid","Action":"GetAll","Id":null,"CreateAt":"2024-03-20T11:21:31.3006419Z"}
2024-03-20 14:22:41.9106 ERROR {"Model":"OnActionExecuting","Controller":"BasisAid","Action":"GettAll","Id":null,"CreateAt":"2024-03-20T11:22:41.9106144Z"}
2024-03-20 14:22:58.4308 ERROR {"Model":"OnActionExecuting","Controller":"HumaneAid","Action":"GetAll","Id":null,"CreateAt":"2024-03-20T11:22:58.430743Z"}
2024-03-20 14:23:21.8528 ERROR {"Model":"OnActionExecuting","Controller":"HumaneAid","Action":"GetAll","Id":null,"CreateAt":"2024-03-20T11:23:21.8528326Z"}
2024-03-20 14:26:53.8968 ERROR {"Model":"OnActionExecuting","Controller":"HumaneAid","Action":"GetAll","Id":null,"CreateAt":"2024-03-20T11:26:53.8967076Z"}
2024-03-20 14:28:30.7535 ERROR {"Model":"OnActionExecuting","Controller":"HumaneAid","Action":"GetAll","Id":null,"CreateAt":"2024-03-20T11:28:30.7533234Z"}
2024-03-20 14:30:30.6764 ERROR {"Model":"OnActionExecuting","Controller":"HumaneAid","Action":"GetAll","Id":null,"CreateAt":"2024-03-20T11:30:30.6762507Z"}
2024-03-20 14:46:14.0145 ERROR {"Model":"OnActionExecuting","Controller":"HumaneAid","Action":"GetAll","Id":null,"CreateAt":"2024-03-20T11:46:14.014534Z"}
2024-03-20 14:55:30.7241 ERROR {"Model":"OnActionExecuting","Controller":"BasisAid","Action":"GettAll","Id":null,"CreateAt":"2024-03-20T11:55:30.7241226Z"}
