2024-02-28 16:37:43.7029 ERROR {"Model":"OnActionExecuting","Controller":"BasisAid","Action":"GettAll","Id":null,"CreateAt":"2024-02-28T13:37:43.6876093Z"}
2024-02-28 16:38:49.2464 ERROR {"Model":"OnActionExecuting","Controller":"HumaneAid","Action":"GetAll","Id":null,"CreateAt":"2024-02-28T13:38:49.2176358Z"}
2024-02-28 16:39:20.6427 ERROR {"Model":"OnActionExecuting","Controller":"HumaneAid","Action":"Create","Id":null,"CreateAt":"2024-02-28T13:39:20.6427558Z"}
2024-02-28 16:39:25.8135 ERROR {"Model":"OnActionExecuting","Controller":"HumaneAid","Action":"GetAll","Id":null,"CreateAt":"2024-02-28T13:39:25.8135015Z"}
2024-02-28 16:40:42.2614 ERROR {"Model":"OnActionExecuting","Controller":"HumaneAid","Action":"Delete","Id":"65df3788402c7b0fa9bb45e0","CreateAt":"2024-02-28T13:40:42.2613784Z"}
2024-02-28 16:40:42.3406 ERROR An unhandled exception has occurred while executing the request.
2024-02-28 16:40:42.3591 ERROR Connection id "0HN1OCAA37BGP", Request id "0HN1OCAA37BGP:00000001": An unhandled exception was thrown by the application.
2024-02-28 16:41:06.3415 ERROR {"Model":"OnActionExecuting","Controller":"HumaneAid","Action":"Delete","Id":"65df3788402c7b0fa9bb45e0","CreateAt":"2024-02-28T13:41:06.3415212Z"}
2024-02-28 16:41:29.5354 ERROR {"Model":"OnActionExecuting","Controller":"HumaneAid","Action":"Delete","Id":"2","CreateAt":"2024-02-28T13:41:29.5353727Z"}
2024-02-28 16:41:29.8043 ERROR An unhandled exception has occurred while executing the request.
2024-02-28 16:41:29.8043 ERROR Something went wrong : '2' is not a valid 24 digit hex string.
2024-02-28 16:42:57.3120 ERROR {"Model":"OnActionExecuting","Controller":"BasisAid","Action":"GettAll","Id":null,"CreateAt":"2024-02-28T13:42:57.293592Z"}
2024-02-28 16:43:09.2549 ERROR {"Model":"OnActionExecuting","Controller":"BasisAid","Action":"Delete","Id":"65d21c987c137824a11af9ab","CreateAt":"2024-02-28T13:43:09.2546918Z"}
2024-02-28 16:43:09.3727 ERROR An unhandled exception has occurred while executing the request.
2024-02-28 16:43:09.3942 ERROR Connection id "0HN1OCCK3V3C8", Request id "0HN1OCCK3V3C8:0000000B": An unhandled exception was thrown by the application.
2024-02-28 16:44:35.8305 ERROR {"Model":"OnActionExecuting","Controller":"BasisAid","Action":"GettAll","Id":null,"CreateAt":"2024-02-28T13:44:35.8304802Z"}
2024-02-28 21:47:07.7322 ERROR {"Model":"OnActionExecuting","Controller":"HumaneAid","Action":"GetAll","Id":null,"CreateAt":"2024-02-28T18:47:07.6997988Z"}
2024-02-28 21:48:15.8830 ERROR {"Model":"OnActionExecuting","Controller":"HumaneAid","Action":"Create","Id":null,"CreateAt":"2024-02-28T18:48:15.8828704Z"}
2024-02-28 21:48:22.7799 ERROR {"Model":"OnActionExecuting","Controller":"HumaneAid","Action":"Create","Id":null,"CreateAt":"2024-02-28T18:48:22.7798493Z"}
2024-02-28 21:48:32.1149 ERROR {"Model":"OnActionExecuting","Controller":"HumaneAid","Action":"GetAll","Id":null,"CreateAt":"2024-02-28T18:48:32.1149004Z"}
2024-02-28 22:19:14.5476 ERROR {"Model":"OnActionExecuting","Controller":"HumaneAid","Action":"Create","Id":null,"CreateAt":"2024-02-28T19:19:14.5474313Z"}
2024-02-28 22:19:17.9281 ERROR {"Model":"OnActionExecuting","Controller":"HumaneAid","Action":"Create","Id":null,"CreateAt":"2024-02-28T19:19:17.9280815Z"}
2024-02-28 22:19:19.0793 ERROR {"Model":"OnActionExecuting","Controller":"HumaneAid","Action":"Create","Id":null,"CreateAt":"2024-02-28T19:19:19.0793141Z"}
2024-02-28 22:20:45.1055 ERROR {"Model":"OnActionExecuting","Controller":"HumaneAid","Action":"GetAll","Id":null,"CreateAt":"2024-02-28T19:20:45.0808324Z"}
2024-02-28 22:21:46.5571 ERROR {"Model":"OnActionExecuting","Controller":"HumaneAid","Action":"GetAll","Id":null,"CreateAt":"2024-02-28T19:21:46.5570186Z"}
2024-02-28 22:24:44.0216 ERROR {"Model":"OnActionExecuting","Controller":"HumaneAid","Action":"GetAll","Id":null,"CreateAt":"2024-02-28T19:24:44.0216118Z"}
2024-02-28 22:26:32.1157 ERROR {"Model":"OnActionExecuting","Controller":"HumaneAid","Action":"GetAll","Id":null,"CreateAt":"2024-02-28T19:26:32.1156802Z"}
2024-02-28 22:28:44.7633 ERROR {"Model":"OnActionExecuting","Controller":"HumaneAid","Action":"GetAll","Id":null,"CreateAt":"2024-02-28T19:28:44.7632042Z"}
2024-02-28 22:37:36.7787 ERROR {"Model":"OnActionExecuting","Controller":"HumaneAid","Action":"Create","Id":null,"CreateAt":"2024-02-28T19:37:36.7786271Z"}
2024-02-28 22:38:37.3228 ERROR {"Model":"OnActionExecuting","Controller":"HumaneAid","Action":"Create","Id":null,"CreateAt":"2024-02-28T19:38:37.322764Z"}
2024-02-28 22:38:45.0556 ERROR {"Model":"OnActionExecuting","Controller":"HumaneAid","Action":"Create","Id":null,"CreateAt":"2024-02-28T19:38:45.0556346Z"}
2024-02-28 22:39:49.3756 ERROR {"Model":"OnActionExecuting","Controller":"HumaneAid","Action":"GetAll","Id":null,"CreateAt":"2024-02-28T19:39:49.3755398Z"}
2024-02-28 22:40:11.1118 ERROR {"Model":"OnActionExecuting","Controller":"HumaneAid","Action":"GetAll","Id":null,"CreateAt":"2024-02-28T19:40:11.1117527Z"}
2024-02-28 22:44:01.1476 ERROR {"Model":"OnActionExecuting","Controller":"HumaneAid","Action":"GetAll","Id":null,"CreateAt":"2024-02-28T19:44:01.14745Z"}
2024-02-28 22:44:04.3603 ERROR {"Model":"OnActionExecuting","Controller":"HumaneAid","Action":"GetAll","Id":null,"CreateAt":"2024-02-28T19:44:04.3602175Z"}
2024-02-28 22:44:04.3686 ERROR {"Model":"OnActionExecuting","Controller":"HumaneAid","Action":"GetAll","Id":null,"CreateAt":"2024-02-28T19:44:04.36846Z"}
2024-02-28 22:44:52.2267 ERROR {"Model":"OnActionExecuting","Controller":"HumaneAid","Action":"GetAll","Id":null,"CreateAt":"2024-02-28T19:44:52.2267032Z"}
2024-02-28 22:45:01.7829 ERROR {"Model":"OnActionExecuting","Controller":"HumaneAid","Action":"GetAll","Id":null,"CreateAt":"2024-02-28T19:45:01.7829029Z"}
2024-02-28 22:45:53.2459 ERROR {"Model":"OnActionExecuting","Controller":"HumaneAid","Action":"GetAll","Id":null,"CreateAt":"2024-02-28T19:45:53.2459074Z"}
2024-02-28 22:49:53.2685 ERROR {"Model":"OnActionExecuting","Controller":"HumaneAid","Action":"GetAll","Id":null,"CreateAt":"2024-02-28T19:49:53.2685241Z"}
2024-02-28 22:50:59.2111 ERROR {"Model":"OnActionExecuting","Controller":"HumaneAid","Action":"GetAll","Id":null,"CreateAt":"2024-02-28T19:50:59.2111126Z"}
2024-02-28 22:51:09.4037 ERROR {"Model":"OnActionExecuting","Controller":"HumaneAid","Action":"GetAll","Id":null,"CreateAt":"2024-02-28T19:51:09.4037196Z"}
2024-02-28 22:51:26.1403 ERROR {"Model":"OnActionExecuting","Controller":"HumaneAid","Action":"GetAll","Id":null,"CreateAt":"2024-02-28T19:51:26.1403342Z"}
2024-02-28 22:52:17.9748 ERROR {"Model":"OnActionExecuting","Controller":"HumaneAid","Action":"GetAll","Id":null,"CreateAt":"2024-02-28T19:52:17.9747481Z"}
2024-02-28 22:52:26.6463 ERROR {"Model":"OnActionExecuting","Controller":"HumaneAid","Action":"GetAll","Id":null,"CreateAt":"2024-02-28T19:52:26.6463441Z"}
2024-02-28 22:52:26.6758 ERROR {"Model":"OnActionExecuting","Controller":"HumaneAid","Action":"GetAll","Id":null,"CreateAt":"2024-02-28T19:52:26.6757471Z"}
2024-02-28 22:52:30.6293 ERROR {"Model":"OnActionExecuting","Controller":"HumaneAid","Action":"Create","Id":null,"CreateAt":"2024-02-28T19:52:30.6293412Z"}
2024-02-28 22:52:49.9319 ERROR {"Model":"OnActionExecuting","Controller":"HumaneAid","Action":"GetAll","Id":null,"CreateAt":"2024-02-28T19:52:49.9319243Z"}
2024-02-28 22:54:08.1223 ERROR {"Model":"OnActionExecuting","Controller":"HumaneAid","Action":"GetAll","Id":null,"CreateAt":"2024-02-28T19:54:08.122254Z"}
2024-02-28 22:54:35.1706 ERROR {"Model":"OnActionExecuting","Controller":"HumaneAid","Action":"GetAll","Id":null,"CreateAt":"2024-02-28T19:54:35.1705804Z"}
2024-02-28 22:54:41.7249 ERROR {"Model":"OnActionExecuting","Controller":"HumaneAid","Action":"GetAll","Id":null,"CreateAt":"2024-02-28T19:54:41.7249384Z"}
2024-02-28 22:54:42.8150 ERROR {"Model":"OnActionExecuting","Controller":"HumaneAid","Action":"Create","Id":null,"CreateAt":"2024-02-28T19:54:42.815013Z"}
2024-02-28 22:55:07.5002 ERROR {"Model":"OnActionExecuting","Controller":"HumaneAid","Action":"GetAll","Id":null,"CreateAt":"2024-02-28T19:55:07.5001975Z"}
2024-02-28 22:55:17.5385 ERROR {"Model":"OnActionExecuting","Controller":"HumaneAid","Action":"GetAll","Id":null,"CreateAt":"2024-02-28T19:55:17.5385561Z"}
2024-02-28 22:55:17.6083 ERROR {"Model":"OnActionExecuting","Controller":"HumaneAid","Action":"GetAll","Id":null,"CreateAt":"2024-02-28T19:55:17.6083224Z"}
2024-02-28 22:55:17.6318 ERROR {"Model":"OnActionExecuting","Controller":"HumaneAid","Action":"GetAll","Id":null,"CreateAt":"2024-02-28T19:55:17.6318601Z"}
2024-02-28 22:55:21.4330 ERROR {"Model":"OnActionExecuting","Controller":"HumaneAid","Action":"Create","Id":null,"CreateAt":"2024-02-28T19:55:21.4330658Z"}
2024-02-28 22:55:22.0204 ERROR {"Model":"OnActionExecuting","Controller":"HumaneAid","Action":"GetAll","Id":null,"CreateAt":"2024-02-28T19:55:22.0204171Z"}
