2024-03-15 14:01:57.3865 ERROR {"Model":"OnActionExecuting","Controller":"HumaneAid","Action":"GetAll","Id":null,"CreateAt":"2024-03-15T11:01:57.1461978Z"}
2024-03-15 14:02:00.1840 ERROR {"Model":"OnActionExecuting","Controller":"HumaneAid","Action":"GetAll","Id":null,"CreateAt":"2024-03-15T11:02:00.1839316Z"}
2024-03-15 14:02:23.5215 ERROR {"Model":"OnActionExecuting","Controller":"HumaneAid","Action":"GetAll","Id":null,"CreateAt":"2024-03-15T11:02:23.521522Z"}
2024-03-15 14:02:27.9980 ERROR {"Model":"OnActionExecuting","Controller":"HumaneAid","Action":"GetAllByUserId","Id":null,"CreateAt":"2024-03-15T11:02:27.9979205Z"}
2024-03-15 14:02:29.7295 ERROR {"Model":"OnActionExecuting","Controller":"HumaneAid","Action":"GetById","Id":"65e187666e0d425494ef8625","CreateAt":"2024-03-15T11:02:29.7295057Z"}
2024-03-15 14:03:55.4750 ERROR {"Model":"OnActionExecuting","Controller":"HumaneAid","Action":"GetAllByUserId","Id":null,"CreateAt":"2024-03-15T11:03:55.474894Z"}
2024-03-15 14:03:56.7797 ERROR {"Model":"OnActionExecuting","Controller":"HumaneAid","Action":"GetById","Id":"65e187666e0d425494ef8625","CreateAt":"2024-03-15T11:03:56.779644Z"}
2024-03-15 14:03:57.6883 ERROR {"Model":"OnActionExecuting","Controller":"HumaneAid","Action":"GetById","Id":"65e187666e0d425494ef8625","CreateAt":"2024-03-15T11:03:57.6882513Z"}
2024-03-15 14:03:59.9110 ERROR {"Model":"OnActionExecuting","Controller":"HumaneAid","Action":"GetById","Id":"65e187666e0d425494ef8625","CreateAt":"2024-03-15T11:03:59.9109823Z"}
2024-03-15 14:04:00.0280 ERROR {"Model":"OnActionExecuting","Controller":"HumaneAid","Action":"GetById","Id":"65e187666e0d425494ef8625","CreateAt":"2024-03-15T11:04:00.0241098Z"}
2024-03-15 14:04:00.0989 ERROR {"Model":"OnActionExecuting","Controller":"HumaneAid","Action":"GetById","Id":"65e187666e0d425494ef8625","CreateAt":"2024-03-15T11:04:00.0989013Z"}
2024-03-15 14:04:00.1271 ERROR {"Model":"OnActionExecuting","Controller":"HumaneAid","Action":"GetById","Id":"65e187666e0d425494ef8625","CreateAt":"2024-03-15T11:04:00.1271502Z"}
2024-03-15 14:04:00.2605 ERROR {"Model":"OnActionExecuting","Controller":"HumaneAid","Action":"GetById","Id":"65e187666e0d425494ef8625","CreateAt":"2024-03-15T11:04:00.2604739Z"}
2024-03-15 14:04:00.2772 ERROR {"Model":"OnActionExecuting","Controller":"HumaneAid","Action":"GetById","Id":"65e187666e0d425494ef8625","CreateAt":"2024-03-15T11:04:00.2772022Z"}
2024-03-15 14:04:00.5044 ERROR {"Model":"OnActionExecuting","Controller":"HumaneAid","Action":"GetAllByUserId","Id":null,"CreateAt":"2024-03-15T11:04:00.5043948Z"}
2024-03-15 14:04:00.5698 ERROR {"Model":"OnActionExecuting","Controller":"HumaneAid","Action":"GetAllByUserId","Id":null,"CreateAt":"2024-03-15T11:04:00.5698007Z"}
2024-03-15 14:04:00.7535 ERROR {"Model":"OnActionExecuting","Controller":"HumaneAid","Action":"GetAllByUserId","Id":null,"CreateAt":"2024-03-15T11:04:00.7534874Z"}
2024-03-15 14:04:03.4709 ERROR {"Model":"OnActionExecuting","Controller":"HumaneAid","Action":"GetById","Id":"65e187666e0d425494ef8625","CreateAt":"2024-03-15T11:04:03.4708993Z"}
2024-03-15 14:04:03.5432 ERROR {"Model":"OnActionExecuting","Controller":"HumaneAid","Action":"GetById","Id":"65e187666e0d425494ef8625","CreateAt":"2024-03-15T11:04:03.5431012Z"}
2024-03-15 14:04:03.5620 ERROR {"Model":"OnActionExecuting","Controller":"HumaneAid","Action":"GetById","Id":"65e187666e0d425494ef8625","CreateAt":"2024-03-15T11:04:03.5620217Z"}
2024-03-15 14:04:03.5820 ERROR {"Model":"OnActionExecuting","Controller":"HumaneAid","Action":"GetById","Id":"65e187666e0d425494ef8625","CreateAt":"2024-03-15T11:04:03.5819182Z"}
2024-03-15 14:04:03.6228 ERROR {"Model":"OnActionExecuting","Controller":"HumaneAid","Action":"GetAllByUserId","Id":null,"CreateAt":"2024-03-15T11:04:03.6228069Z"}
2024-03-15 14:04:03.6849 ERROR {"Model":"OnActionExecuting","Controller":"HumaneAid","Action":"GetAllByUserId","Id":null,"CreateAt":"2024-03-15T11:04:03.6845224Z"}
2024-03-15 14:04:07.6072 ERROR {"Model":"OnActionExecuting","Controller":"HumaneAid","Action":"Update","Id":null,"CreateAt":"2024-03-15T11:04:07.607161Z"}
2024-03-15 14:04:07.8578 ERROR An unhandled exception has occurred while executing the request.
2024-03-15 14:04:07.9052 ERROR Connection id "0HN24RT9ESCAN", Request id "0HN24RT9ESCAN:00000002": An unhandled exception was thrown by the application.
2024-03-15 14:04:11.1226 ERROR {"Model":"OnActionExecuting","Controller":"HumaneAid","Action":"GetAll","Id":null,"CreateAt":"2024-03-15T11:04:11.1225915Z"}
2024-03-15 14:04:13.4677 ERROR {"Model":"OnActionExecuting","Controller":"HumaneAid","Action":"GetAllByUserId","Id":null,"CreateAt":"2024-03-15T11:04:13.4676766Z"}
2024-03-15 14:05:45.3267 ERROR {"Model":"OnActionExecuting","Controller":"HumaneAid","Action":"GetAll","Id":null,"CreateAt":"2024-03-15T11:05:45.3266073Z"}
2024-03-15 14:06:25.9476 ERROR {"Model":"OnActionExecuting","Controller":"HumaneAid","Action":"Create","Id":null,"CreateAt":"2024-03-15T11:06:25.9475925Z"}
2024-03-15 14:06:27.3239 ERROR {"Model":"OnActionExecuting","Controller":"HumaneAid","Action":"GetAll","Id":null,"CreateAt":"2024-03-15T11:06:27.3238787Z"}
2024-03-15 14:06:29.4503 ERROR {"Model":"OnActionExecuting","Controller":"HumaneAid","Action":"GetAllByUserId","Id":null,"CreateAt":"2024-03-15T11:06:29.4502883Z"}
2024-03-15 14:06:33.6784 ERROR {"Model":"OnActionExecuting","Controller":"HumaneAid","Action":"GetAllByUserId","Id":null,"CreateAt":"2024-03-15T11:06:33.6783768Z"}
2024-03-15 14:06:34.3904 ERROR {"Model":"OnActionExecuting","Controller":"HumaneAid","Action":"GetById","Id":"65f42bb1e35d85869452820e","CreateAt":"2024-03-15T11:06:34.3904061Z"}
2024-03-15 14:06:35.6146 ERROR {"Model":"OnActionExecuting","Controller":"HumaneAid","Action":"GetById","Id":"65f42bb1e35d85869452820e","CreateAt":"2024-03-15T11:06:35.614657Z"}
2024-03-15 14:06:37.5104 ERROR {"Model":"OnActionExecuting","Controller":"HumaneAid","Action":"GetById","Id":"65f42bb1e35d85869452820e","CreateAt":"2024-03-15T11:06:37.5103949Z"}
2024-03-15 14:06:37.9023 ERROR {"Model":"OnActionExecuting","Controller":"HumaneAid","Action":"GetById","Id":"65f42bb1e35d85869452820e","CreateAt":"2024-03-15T11:06:37.9023452Z"}
2024-03-15 14:06:37.9229 ERROR {"Model":"OnActionExecuting","Controller":"HumaneAid","Action":"GetById","Id":"65f42bb1e35d85869452820e","CreateAt":"2024-03-15T11:06:37.9229579Z"}
2024-03-15 14:06:38.0607 ERROR {"Model":"OnActionExecuting","Controller":"HumaneAid","Action":"GetById","Id":"65f42bb1e35d85869452820e","CreateAt":"2024-03-15T11:06:38.0606617Z"}
2024-03-15 14:06:38.0974 ERROR {"Model":"OnActionExecuting","Controller":"HumaneAid","Action":"GetById","Id":"65f42bb1e35d85869452820e","CreateAt":"2024-03-15T11:06:38.0973594Z"}
2024-03-15 14:06:38.3963 ERROR {"Model":"OnActionExecuting","Controller":"HumaneAid","Action":"GetAllByUserId","Id":null,"CreateAt":"2024-03-15T11:06:38.3962565Z"}
2024-03-15 14:06:38.4855 ERROR {"Model":"OnActionExecuting","Controller":"HumaneAid","Action":"GetById","Id":"65f42bb1e35d85869452820e","CreateAt":"2024-03-15T11:06:38.4854939Z"}
2024-03-15 14:06:38.8943 ERROR {"Model":"OnActionExecuting","Controller":"HumaneAid","Action":"GetAllByUserId","Id":null,"CreateAt":"2024-03-15T11:06:38.8942897Z"}
2024-03-15 14:06:38.9375 ERROR {"Model":"OnActionExecuting","Controller":"HumaneAid","Action":"GetAllByUserId","Id":null,"CreateAt":"2024-03-15T11:06:38.9372762Z"}
2024-03-15 14:06:39.2826 ERROR {"Model":"OnActionExecuting","Controller":"HumaneAid","Action":"GetById","Id":"65f42bb1e35d85869452820e","CreateAt":"2024-03-15T11:06:39.2826065Z"}
2024-03-15 14:06:39.3679 ERROR {"Model":"OnActionExecuting","Controller":"HumaneAid","Action":"GetById","Id":"65f42bb1e35d85869452820e","CreateAt":"2024-03-15T11:06:39.3679251Z"}
2024-03-15 14:06:39.6914 ERROR {"Model":"OnActionExecuting","Controller":"HumaneAid","Action":"GetById","Id":"65f42bb1e35d85869452820e","CreateAt":"2024-03-15T11:06:39.69138Z"}
2024-03-15 14:06:39.9433 ERROR {"Model":"OnActionExecuting","Controller":"HumaneAid","Action":"GetAllByUserId","Id":null,"CreateAt":"2024-03-15T11:06:39.9430263Z"}
2024-03-15 14:06:40.0344 ERROR {"Model":"OnActionExecuting","Controller":"HumaneAid","Action":"GetById","Id":"65f42bb1e35d85869452820e","CreateAt":"2024-03-15T11:06:40.0344374Z"}
2024-03-15 14:06:40.0628 ERROR {"Model":"OnActionExecuting","Controller":"HumaneAid","Action":"GetAllByUserId","Id":null,"CreateAt":"2024-03-15T11:06:40.062799Z"}
2024-03-15 14:06:41.3939 ERROR {"Model":"OnActionExecuting","Controller":"HumaneAid","Action":"Update","Id":null,"CreateAt":"2024-03-15T11:06:41.3939588Z"}
2024-03-15 14:06:41.4559 ERROR An unhandled exception has occurred while executing the request.
2024-03-15 14:06:41.5009 ERROR Connection id "0HN24RT9ESCBG", Request id "0HN24RT9ESCBG:00000002": An unhandled exception was thrown by the application.
2024-03-15 14:06:48.4331 ERROR {"Model":"OnActionExecuting","Controller":"HumaneAid","Action":"GetAll","Id":null,"CreateAt":"2024-03-15T11:06:48.43311Z"}
2024-03-15 14:06:51.0864 ERROR {"Model":"OnActionExecuting","Controller":"HumaneAid","Action":"GetAllByUserId","Id":null,"CreateAt":"2024-03-15T11:06:51.0863578Z"}
2024-03-15 14:06:52.5572 ERROR {"Model":"OnActionExecuting","Controller":"HumaneAid","Action":"GetById","Id":"65f42bb1e35d85869452820e","CreateAt":"2024-03-15T11:06:52.5571962Z"}
2024-03-15 14:07:09.4960 ERROR {"Model":"OnActionExecuting","Controller":"HumaneAid","Action":"GetById","Id":"65f42bb1e35d85869452820e","CreateAt":"2024-03-15T11:07:09.4960296Z"}
2024-03-15 14:07:09.7374 ERROR {"Model":"OnActionExecuting","Controller":"HumaneAid","Action":"GetById","Id":"65f42bb1e35d85869452820e","CreateAt":"2024-03-15T11:07:09.7373622Z"}
2024-03-15 14:07:09.7889 ERROR {"Model":"OnActionExecuting","Controller":"HumaneAid","Action":"GetById","Id":"65f42bb1e35d85869452820e","CreateAt":"2024-03-15T11:07:09.7889656Z"}
2024-03-15 14:07:09.8222 ERROR {"Model":"OnActionExecuting","Controller":"HumaneAid","Action":"GetById","Id":"65f42bb1e35d85869452820e","CreateAt":"2024-03-15T11:07:09.822168Z"}
2024-03-15 14:07:14.0739 ERROR {"Model":"OnActionExecuting","Controller":"HumaneAid","Action":"GetById","Id":"65f42bb1e35d85869452820e","CreateAt":"2024-03-15T11:07:14.0738545Z"}
2024-03-15 14:07:17.0641 ERROR {"Model":"OnActionExecuting","Controller":"HumaneAid","Action":"GetAll","Id":null,"CreateAt":"2024-03-15T11:07:17.0640973Z"}
2024-03-15 14:07:19.0697 ERROR {"Model":"OnActionExecuting","Controller":"HumaneAid","Action":"GetAllByUserId","Id":null,"CreateAt":"2024-03-15T11:07:19.0697179Z"}
2024-03-15 14:07:23.4006 ERROR {"Model":"OnActionExecuting","Controller":"HumaneAid","Action":"GetAllByUserId","Id":null,"CreateAt":"2024-03-15T11:07:23.4006506Z"}
2024-03-15 14:07:24.0798 ERROR {"Model":"OnActionExecuting","Controller":"HumaneAid","Action":"GetById","Id":"65f42bb1e35d85869452820e","CreateAt":"2024-03-15T11:07:24.079812Z"}
2024-03-15 14:07:25.5195 ERROR {"Model":"OnActionExecuting","Controller":"HumaneAid","Action":"GetById","Id":"65f42bb1e35d85869452820e","CreateAt":"2024-03-15T11:07:25.5194894Z"}
2024-03-15 14:07:27.3123 ERROR {"Model":"OnActionExecuting","Controller":"HumaneAid","Action":"GetById","Id":"65f42bb1e35d85869452820e","CreateAt":"2024-03-15T11:07:27.3122943Z"}
2024-03-15 14:07:27.3439 ERROR {"Model":"OnActionExecuting","Controller":"HumaneAid","Action":"GetById","Id":"65f42bb1e35d85869452820e","CreateAt":"2024-03-15T11:07:27.3439185Z"}
2024-03-15 14:07:27.4421 ERROR {"Model":"OnActionExecuting","Controller":"HumaneAid","Action":"GetById","Id":"65f42bb1e35d85869452820e","CreateAt":"2024-03-15T11:07:27.4421185Z"}
2024-03-15 14:07:27.5896 ERROR {"Model":"OnActionExecuting","Controller":"HumaneAid","Action":"GetById","Id":"65f42bb1e35d85869452820e","CreateAt":"2024-03-15T11:07:27.5896254Z"}
2024-03-15 14:07:27.7071 ERROR {"Model":"OnActionExecuting","Controller":"HumaneAid","Action":"GetAllByUserId","Id":null,"CreateAt":"2024-03-15T11:07:27.7071224Z"}
2024-03-15 14:07:27.9232 ERROR {"Model":"OnActionExecuting","Controller":"HumaneAid","Action":"GetAllByUserId","Id":null,"CreateAt":"2024-03-15T11:07:27.9231704Z"}
2024-03-15 14:07:32.0332 ERROR {"Model":"OnActionExecuting","Controller":"HumaneAid","Action":"GetById","Id":"65f42bb1e35d85869452820e","CreateAt":"2024-03-15T11:07:32.0332548Z"}
2024-03-15 14:07:32.0332 ERROR {"Model":"OnActionExecuting","Controller":"HumaneAid","Action":"GetById","Id":"65f42bb1e35d85869452820e","CreateAt":"2024-03-15T11:07:32.037692Z"}
2024-03-15 14:07:32.0568 ERROR {"Model":"OnActionExecuting","Controller":"HumaneAid","Action":"GetById","Id":"65f42bb1e35d85869452820e","CreateAt":"2024-03-15T11:07:32.0568112Z"}
2024-03-15 14:07:32.0568 ERROR {"Model":"OnActionExecuting","Controller":"HumaneAid","Action":"GetById","Id":"65f42bb1e35d85869452820e","CreateAt":"2024-03-15T11:07:32.066279Z"}
2024-03-15 14:07:32.2413 ERROR {"Model":"OnActionExecuting","Controller":"HumaneAid","Action":"GetAllByUserId","Id":null,"CreateAt":"2024-03-15T11:07:32.2413011Z"}
2024-03-15 14:07:32.2649 ERROR {"Model":"OnActionExecuting","Controller":"HumaneAid","Action":"GetAllByUserId","Id":null,"CreateAt":"2024-03-15T11:07:32.2646355Z"}
2024-03-15 14:07:33.1057 ERROR {"Model":"OnActionExecuting","Controller":"HumaneAid","Action":"Update","Id":null,"CreateAt":"2024-03-15T11:07:33.1057386Z"}
2024-03-15 14:07:33.1510 ERROR An unhandled exception has occurred while executing the request.
2024-03-15 14:07:33.1655 ERROR Connection id "0HN24RT9ESCCA", Request id "0HN24RT9ESCCA:00000002": An unhandled exception was thrown by the application.
2024-03-15 14:07:35.2119 ERROR {"Model":"OnActionExecuting","Controller":"HumaneAid","Action":"GetAll","Id":null,"CreateAt":"2024-03-15T11:07:35.2119292Z"}
2024-03-15 14:07:38.9304 ERROR {"Model":"OnActionExecuting","Controller":"HumaneAid","Action":"GetAllByUserId","Id":null,"CreateAt":"2024-03-15T11:07:38.9304234Z"}
2024-03-15 14:07:39.7850 ERROR {"Model":"OnActionExecuting","Controller":"HumaneAid","Action":"GetById","Id":"65f42bb1e35d85869452820e","CreateAt":"2024-03-15T11:07:39.784977Z"}
2024-03-15 14:10:42.8786 ERROR {"Model":"OnActionExecuting","Controller":"HumaneAid","Action":"GetAll","Id":null,"CreateAt":"2024-03-15T11:10:42.8786352Z"}
2024-03-15 14:10:45.2123 ERROR {"Model":"OnActionExecuting","Controller":"HumaneAid","Action":"GetById","Id":"65e18df26e0d425494ef862e","CreateAt":"2024-03-15T11:10:45.2122939Z"}
2024-03-15 14:10:54.4038 ERROR {"Model":"OnActionExecuting","Controller":"HumaneAid","Action":"GetById","Id":"65e18df26e0d425494ef862e","CreateAt":"2024-03-15T11:10:54.4038164Z"}
2024-03-15 14:10:57.4473 ERROR {"Model":"OnActionExecuting","Controller":"HumaneAid","Action":"GetById","Id":"65e18dc16e0d425494ef862d","CreateAt":"2024-03-15T11:10:57.4473403Z"}
2024-03-15 14:16:23.7966 ERROR {"Model":"OnActionExecuting","Controller":"HumaneAid","Action":"GetAll","Id":null,"CreateAt":"2024-03-15T11:16:23.7804534Z"}
2024-03-15 14:17:08.7820 ERROR {"Model":"OnActionExecuting","Controller":"HumaneAid","Action":"Update","Id":null,"CreateAt":"2024-03-15T11:17:08.7820518Z"}
2024-03-15 14:17:08.9203 ERROR An unhandled exception has occurred while executing the request.
2024-03-15 14:17:08.9424 ERROR Connection id "0HN24S5A7V9CA", Request id "0HN24S5A7V9CA:00000001": An unhandled exception was thrown by the application.
2024-03-15 14:17:16.3210 ERROR {"Model":"OnActionExecuting","Controller":"HumaneAid","Action":"GetAll","Id":null,"CreateAt":"2024-03-15T11:17:16.3209915Z"}
2024-03-15 14:17:46.7833 ERROR {"Model":"OnActionExecuting","Controller":"HumaneAid","Action":"Update","Id":null,"CreateAt":"2024-03-15T11:17:46.7833406Z"}
2024-03-15 14:17:46.7987 ERROR An unhandled exception has occurred while executing the request.
2024-03-15 14:17:46.7987 ERROR Connection id "0HN24S5A7V9CC", Request id "0HN24S5A7V9CC:00000001": An unhandled exception was thrown by the application.
2024-03-15 14:19:02.2998 ERROR {"Model":"OnActionExecuting","Controller":"HumaneAid","Action":"GetAll","Id":null,"CreateAt":"2024-03-15T11:19:02.2840917Z"}
2024-03-15 14:19:33.0567 ERROR {"Model":"OnActionExecuting","Controller":"HumaneAid","Action":"GetAll","Id":null,"CreateAt":"2024-03-15T11:19:33.0567076Z"}
2024-03-15 14:20:34.6140 ERROR {"Model":"OnActionExecuting","Controller":"HumaneAid","Action":"Update","Id":null,"CreateAt":"2024-03-15T11:20:34.6139314Z"}
2024-03-15 14:20:44.9491 ERROR {"Model":"OnActionExecuting","Controller":"HumaneAid","Action":"Update","Id":null,"CreateAt":"2024-03-15T11:20:44.949076Z"}
2024-03-15 14:20:45.0855 ERROR An unhandled exception has occurred while executing the request.
2024-03-15 14:20:45.1104 ERROR Connection id "0HN24S6O6FBL1", Request id "0HN24S6O6FBL1:00000003": An unhandled exception was thrown by the application.
2024-03-15 14:20:51.8487 ERROR {"Model":"OnActionExecuting","Controller":"HumaneAid","Action":"GetAll","Id":null,"CreateAt":"2024-03-15T11:20:51.8487028Z"}
2024-03-15 14:22:57.8062 ERROR {"Model":"OnActionExecuting","Controller":"HumaneAid","Action":"GetAll","Id":null,"CreateAt":"2024-03-15T11:22:57.8062054Z"}
2024-03-15 14:23:05.8955 ERROR {"Model":"OnActionExecuting","Controller":"HumaneAid","Action":"GetById","Id":"65e17e4d6e0d425494ef8623","CreateAt":"2024-03-15T11:23:05.8952788Z"}
2024-03-15 14:23:45.6663 ERROR {"Model":"OnActionExecuting","Controller":"HumaneAid","Action":"GetAll","Id":null,"CreateAt":"2024-03-15T11:23:45.6663029Z"}
2024-03-15 14:24:08.3505 ERROR {"Model":"OnActionExecuting","Controller":"HumaneAid","Action":"GetAll","Id":null,"CreateAt":"2024-03-15T11:24:08.3505117Z"}
2024-03-15 14:24:14.1623 ERROR {"Model":"OnActionExecuting","Controller":"HumaneAid","Action":"GetAllByUserId","Id":null,"CreateAt":"2024-03-15T11:24:14.1622941Z"}
2024-03-15 14:24:17.3152 ERROR {"Model":"OnActionExecuting","Controller":"HumaneAid","Action":"GetById","Id":"65f42bb1e35d85869452820e","CreateAt":"2024-03-15T11:24:17.3152067Z"}
2024-03-15 14:24:19.7478 ERROR {"Model":"OnActionExecuting","Controller":"HumaneAid","Action":"GetById","Id":"65f42bb1e35d85869452820e","CreateAt":"2024-03-15T11:24:19.7478412Z"}
2024-03-15 14:26:41.5320 ERROR {"Model":"OnActionExecuting","Controller":"HumaneAid","Action":"GetAll","Id":null,"CreateAt":"2024-03-15T11:26:41.532033Z"}
