2024-05-08 16:11:38.8883 ERROR {"Model":"OnActionExecuting","Controller":"BasisAid","Action":"GettAll","Id":null,"CreateAt":"2024-05-08T13:11:38.8334651Z"}
2024-05-08 16:11:46.6216 ERROR {"Model":"OnActionExecuting","Controller":"BasisAid","Action":"GetById","Id":"65f7fa634a233146ed05a9fe","CreateAt":"2024-05-08T13:11:46.6214505Z"}
2024-05-08 16:11:50.7806 ERROR {"Model":"OnActionExecuting","Controller":"BasisAid","Action":"GetById","Id":"65f7fa634a233146ed05a9fe","CreateAt":"2024-05-08T13:11:50.780606Z"}
2024-05-08 16:12:25.8621 ERROR {"Model":"OnActionExecuting","Controller":"BasisAid","Action":"GetById","Id":"65f7fa634a233146ed05a9fe","CreateAt":"2024-05-08T13:12:25.8620389Z"}
2024-05-08 16:12:30.5051 ERROR {"Model":"OnActionExecuting","Controller":"BasisAid","Action":"GetById","Id":"65f7fa634a233146ed05a9fe","CreateAt":"2024-05-08T13:12:30.5051091Z"}
2024-05-08 16:12:38.6066 ERROR {"Model":"OnActionExecuting","Controller":"HumaneAid","Action":"GetAll","Id":null,"CreateAt":"2024-05-08T13:12:38.6065983Z"}
2024-05-08 16:13:34.5429 ERROR {"Model":"OnActionExecuting","Controller":"HumaneAid","Action":"GetAllByUserId","Id":null,"CreateAt":"2024-05-08T13:13:34.542908Z"}
2024-05-08 16:13:34.5735 ERROR {"Model":"OnActionExecuting","Controller":"BasisAid","Action":"GetAllByUserId","Id":null,"CreateAt":"2024-05-08T13:13:34.572229Z"}
2024-05-08 16:14:04.7031 ERROR {"Model":"OnActionExecuting","Controller":"BasisAid","Action":"GetAllByUserId","Id":null,"CreateAt":"2024-05-08T13:14:04.7027131Z"}
2024-05-08 16:14:04.7043 ERROR {"Model":"OnActionExecuting","Controller":"HumaneAid","Action":"GetAllByUserId","Id":null,"CreateAt":"2024-05-08T13:14:04.7043557Z"}
2024-05-08 16:15:29.9938 ERROR {"Model":"OnActionExecuting","Controller":"HumaneAid","Action":"GetAllByUserId","Id":null,"CreateAt":"2024-05-08T13:15:29.9937246Z"}
2024-05-08 16:15:29.9938 ERROR {"Model":"OnActionExecuting","Controller":"BasisAid","Action":"GetAllByUserId","Id":null,"CreateAt":"2024-05-08T13:15:29.9956045Z"}
2024-05-08 16:17:13.7469 ERROR {"Model":"OnActionExecuting","Controller":"HumaneAid","Action":"GetById","Id":"65f42bb1e35d85869452820e","CreateAt":"2024-05-08T13:17:13.7468579Z"}
2024-05-08 16:17:54.9842 ERROR {"Model":"OnActionExecuting","Controller":"HumaneAid","Action":"GetById","Id":"65f42bb1e35d85869452820e","CreateAt":"2024-05-08T13:17:54.9842357Z"}
2024-05-08 16:18:06.8370 ERROR {"Model":"OnActionExecuting","Controller":"HumaneAid","Action":"GetAll","Id":null,"CreateAt":"2024-05-08T13:18:06.8369841Z"}
2024-05-08 16:29:22.9187 ERROR {"Model":"OnActionExecuting","Controller":"HumaneAid","Action":"GetAll","Id":null,"CreateAt":"2024-05-08T13:29:22.9186867Z"}
2024-05-08 16:29:26.6409 ERROR {"Model":"OnActionExecuting","Controller":"HumaneAid","Action":"GetById","Id":"65e18b2d6e0d425494ef862b","CreateAt":"2024-05-08T13:29:26.6408141Z"}
2024-05-08 16:29:38.4085 ERROR {"Model":"OnActionExecuting","Controller":"HumaneAid","Action":"GetById","Id":"65e1934e6e0d425494ef8635","CreateAt":"2024-05-08T13:29:38.4085241Z"}
2024-05-08 16:30:22.3916 ERROR {"Model":"OnActionExecuting","Controller":"BasisAid","Action":"GettAll","Id":null,"CreateAt":"2024-05-08T13:30:22.3916557Z"}
2024-05-08 16:30:23.6648 ERROR {"Model":"OnActionExecuting","Controller":"BasisAid","Action":"GetById","Id":"65f7fa634a233146ed05a9fe","CreateAt":"2024-05-08T13:30:23.6647846Z"}
2024-05-08 16:35:56.3623 ERROR {"Model":"OnActionExecuting","Controller":"BasisAid","Action":"GetById","Id":"65f7fa634a233146ed05a9fe","CreateAt":"2024-05-08T13:35:56.3622994Z"}
2024-05-08 16:35:59.9929 ERROR {"Model":"OnActionExecuting","Controller":"BasisAid","Action":"GetById","Id":"65f7fa634a233146ed05a9fe","CreateAt":"2024-05-08T13:35:59.9928564Z"}
2024-05-08 16:36:01.3615 ERROR {"Model":"OnActionExecuting","Controller":"BasisAid","Action":"GetById","Id":"65f7fa634a233146ed05a9fe","CreateAt":"2024-05-08T13:36:01.3615099Z"}
2024-05-08 16:36:01.6471 ERROR {"Model":"OnActionExecuting","Controller":"BasisAid","Action":"GetById","Id":"65f7fa634a233146ed05a9fe","CreateAt":"2024-05-08T13:36:01.647094Z"}
2024-05-08 16:36:04.3864 ERROR {"Model":"OnActionExecuting","Controller":"BasisAid","Action":"GetById","Id":"65f7fa634a233146ed05a9fe","CreateAt":"2024-05-08T13:36:04.3864001Z"}
2024-05-08 16:36:07.2199 ERROR {"Model":"OnActionExecuting","Controller":"BasisAid","Action":"GetById","Id":"65f7fa634a233146ed05a9fe","CreateAt":"2024-05-08T13:36:07.219937Z"}
2024-05-08 16:36:58.1789 ERROR {"Model":"OnActionExecuting","Controller":"BasisAid","Action":"GetById","Id":"65f7fa634a233146ed05a9fe","CreateAt":"2024-05-08T13:36:58.1789156Z"}
2024-05-08 16:36:59.2416 ERROR {"Model":"OnActionExecuting","Controller":"BasisAid","Action":"GetById","Id":"65f7fa634a233146ed05a9fe","CreateAt":"2024-05-08T13:36:59.241637Z"}
2024-05-08 16:36:59.7020 ERROR {"Model":"OnActionExecuting","Controller":"BasisAid","Action":"GetById","Id":"65f7fa634a233146ed05a9fe","CreateAt":"2024-05-08T13:36:59.7019684Z"}
2024-05-08 16:38:07.8822 ERROR {"Model":"OnActionExecuting","Controller":"BasisAid","Action":"GetById","Id":"65f7fa634a233146ed05a9fe","CreateAt":"2024-05-08T13:38:07.8821602Z"}
2024-05-08 16:38:08.1768 ERROR {"Model":"OnActionExecuting","Controller":"BasisAid","Action":"GetById","Id":"65f7fa634a233146ed05a9fe","CreateAt":"2024-05-08T13:38:08.1766886Z"}
2024-05-08 16:38:26.1727 ERROR {"Model":"OnActionExecuting","Controller":"BasisAid","Action":"GetById","Id":"65f7fa634a233146ed05a9fe","CreateAt":"2024-05-08T13:38:26.172708Z"}
2024-05-08 16:38:28.8834 ERROR {"Model":"OnActionExecuting","Controller":"BasisAid","Action":"GetById","Id":"65f7fa634a233146ed05a9fe","CreateAt":"2024-05-08T13:38:28.8834126Z"}
2024-05-08 16:38:29.2682 ERROR {"Model":"OnActionExecuting","Controller":"BasisAid","Action":"GetById","Id":"65f7fa634a233146ed05a9fe","CreateAt":"2024-05-08T13:38:29.2681807Z"}
2024-05-08 16:38:29.6269 ERROR {"Model":"OnActionExecuting","Controller":"BasisAid","Action":"GetById","Id":"65f7fa634a233146ed05a9fe","CreateAt":"2024-05-08T13:38:29.6269645Z"}
2024-05-08 16:38:29.9230 ERROR {"Model":"OnActionExecuting","Controller":"BasisAid","Action":"GetById","Id":"65f7fa634a233146ed05a9fe","CreateAt":"2024-05-08T13:38:29.9230234Z"}
2024-05-08 16:38:30.2153 ERROR {"Model":"OnActionExecuting","Controller":"BasisAid","Action":"GetById","Id":"65f7fa634a233146ed05a9fe","CreateAt":"2024-05-08T13:38:30.2152925Z"}
2024-05-08 16:38:36.9170 ERROR {"Model":"OnActionExecuting","Controller":"HumaneAid","Action":"GetAll","Id":null,"CreateAt":"2024-05-08T13:38:36.9170698Z"}
2024-05-08 16:38:38.4477 ERROR {"Model":"OnActionExecuting","Controller":"HumaneAid","Action":"GetById","Id":"65e1936a6e0d425494ef8636","CreateAt":"2024-05-08T13:38:38.4477639Z"}
2024-05-08 16:38:59.9819 ERROR {"Model":"OnActionExecuting","Controller":"BasisAid","Action":"GetAllByUserId","Id":null,"CreateAt":"2024-05-08T13:38:59.9818124Z"}
2024-05-08 16:38:59.9991 ERROR {"Model":"OnActionExecuting","Controller":"HumaneAid","Action":"GetAllByUserId","Id":null,"CreateAt":"2024-05-08T13:38:59.9991573Z"}
2024-05-08 16:39:01.3156 ERROR {"Model":"OnActionExecuting","Controller":"HumaneAid","Action":"GetById","Id":"65f42bb1e35d85869452820e","CreateAt":"2024-05-08T13:39:01.3156232Z"}
2024-05-08 16:39:32.4902 ERROR {"Model":"OnActionExecuting","Controller":"BasisAid","Action":"GettAll","Id":null,"CreateAt":"2024-05-08T13:39:32.4902239Z"}
2024-05-08 16:47:15.3162 ERROR {"Model":"OnActionExecuting","Controller":"HumaneAid","Action":"GetAll","Id":null,"CreateAt":"2024-05-08T13:47:15.3162137Z"}
2024-05-08 16:47:40.9116 ERROR {"Model":"OnActionExecuting","Controller":"HumaneAid","Action":"GetById","Id":"65e18b2d6e0d425494ef862b","CreateAt":"2024-05-08T13:47:40.9116063Z"}
2024-05-08 16:53:53.6013 ERROR {"Model":"OnActionExecuting","Controller":"BasisAid","Action":"GetAllByUserId","Id":null,"CreateAt":"2024-05-08T13:53:53.6013474Z"}
2024-05-08 16:53:53.6464 ERROR {"Model":"OnActionExecuting","Controller":"HumaneAid","Action":"GetAllByUserId","Id":null,"CreateAt":"2024-05-08T13:53:53.6464072Z"}
2024-05-08 16:53:54.8237 ERROR {"Model":"OnActionExecuting","Controller":"HumaneAid","Action":"GetById","Id":"65f42bb1e35d85869452820e","CreateAt":"2024-05-08T13:53:54.8236772Z"}
2024-05-08 16:53:58.9001 ERROR {"Model":"OnActionExecuting","Controller":"HumaneAid","Action":"GetById","Id":"65f42bb1e35d85869452820e","CreateAt":"2024-05-08T13:53:58.9000942Z"}
