2024-03-05 10:37:48.0287 ERROR {"Model":"OnActionExecuting","Controller":"HumaneAid","Action":"GetAll","Id":null,"CreateAt":"2024-03-05T07:37:47.9910516Z"}
2024-03-05 10:37:50.3189 ERROR {"Model":"OnActionExecuting","Controller":"HumaneAid","Action":"GetAll","Id":null,"CreateAt":"2024-03-05T07:37:50.318829Z"}
2024-03-05 10:37:55.2203 ERROR {"Model":"OnActionExecuting","Controller":"HumaneAid","Action":"GetById","Id":"65e17e4d6e0d425494ef8623","CreateAt":"2024-03-05T07:37:55.2202287Z"}
2024-03-05 10:38:49.7519 ERROR {"Model":"OnActionExecuting","Controller":"HumaneAid","Action":"GetAll","Id":null,"CreateAt":"2024-03-05T07:38:49.7518062Z"}
2024-03-05 10:39:19.8493 ERROR {"Model":"OnActionExecuting","Controller":"HumaneAid","Action":"Update","Id":null,"CreateAt":"2024-03-05T07:39:19.8492309Z"}
2024-03-05 10:39:20.1427 ERROR An unhandled exception has occurred while executing the request.
2024-03-05 10:39:20.1910 ERROR Connection id "0HN1SSSIAGP7Q", Request id "0HN1SSSIAGP7Q:00000001": An unhandled exception was thrown by the application.
2024-03-05 10:39:39.3638 ERROR {"Model":"OnActionExecuting","Controller":"HumaneAid","Action":"Update","Id":null,"CreateAt":"2024-03-05T07:39:39.3638222Z"}
2024-03-05 10:39:39.4145 ERROR An unhandled exception has occurred while executing the request.
2024-03-05 10:39:39.4283 ERROR Connection id "0HN1SSSIAGP7Q", Request id "0HN1SSSIAGP7Q:00000003": An unhandled exception was thrown by the application.
2024-03-05 10:39:53.3870 ERROR {"Model":"OnActionExecuting","Controller":"HumaneAid","Action":"GetAll","Id":null,"CreateAt":"2024-03-05T07:39:53.3870079Z"}
2024-03-05 10:39:59.7777 ERROR {"Model":"OnActionExecuting","Controller":"HumaneAid","Action":"GetAllByUserId","Id":null,"CreateAt":"2024-03-05T07:39:59.7776956Z"}
2024-03-05 10:42:28.4772 ERROR {"Model":"OnActionExecuting","Controller":"HumaneAid","Action":"GetAll","Id":null,"CreateAt":"2024-03-05T07:42:28.4771552Z"}
2024-03-05 10:42:29.9443 ERROR {"Model":"OnActionExecuting","Controller":"HumaneAid","Action":"GetAllByUserId","Id":null,"CreateAt":"2024-03-05T07:42:29.9442903Z"}
2024-03-05 10:43:05.9804 ERROR {"Model":"OnActionExecuting","Controller":"HumaneAid","Action":"GetAll","Id":null,"CreateAt":"2024-03-05T07:43:05.9803521Z"}
2024-03-05 10:43:10.3851 ERROR {"Model":"OnActionExecuting","Controller":"HumaneAid","Action":"GetById","Id":"65e18a6a6e0d425494ef862a","CreateAt":"2024-03-05T07:43:10.3849464Z"}
2024-03-05 10:43:30.7342 ERROR {"Model":"OnActionExecuting","Controller":"HumaneAid","Action":"GetAllByUserId","Id":null,"CreateAt":"2024-03-05T07:43:30.734175Z"}
2024-03-05 10:43:32.8719 ERROR {"Model":"OnActionExecuting","Controller":"HumaneAid","Action":"GetById","Id":"65e175cf6e0d425494ef8622","CreateAt":"2024-03-05T07:43:32.8718961Z"}
2024-03-05 10:43:36.2636 ERROR {"Model":"OnActionExecuting","Controller":"HumaneAid","Action":"Delete","Id":"65e175cf6e0d425494ef8622","CreateAt":"2024-03-05T07:43:36.2636082Z"}
2024-03-05 10:43:36.4112 ERROR An unhandled exception has occurred while executing the request.
2024-03-05 10:43:36.4229 ERROR Connection id "0HN1SSSIAGP83", Request id "0HN1SSSIAGP83:00000002": An unhandled exception was thrown by the application.
2024-03-05 10:43:38.4032 ERROR {"Model":"OnActionExecuting","Controller":"HumaneAid","Action":"GetAll","Id":null,"CreateAt":"2024-03-05T07:43:38.4032154Z"}
2024-03-05 10:43:42.3636 ERROR {"Model":"OnActionExecuting","Controller":"HumaneAid","Action":"GetAllByUserId","Id":null,"CreateAt":"2024-03-05T07:43:42.3636155Z"}
2024-03-05 10:43:43.5032 ERROR {"Model":"OnActionExecuting","Controller":"HumaneAid","Action":"GetById","Id":"65e187666e0d425494ef8625","CreateAt":"2024-03-05T07:43:43.5031862Z"}
2024-03-05 10:43:45.2794 ERROR {"Model":"OnActionExecuting","Controller":"HumaneAid","Action":"GetById","Id":"65e187666e0d425494ef8625","CreateAt":"2024-03-05T07:43:45.27937Z"}
2024-03-05 10:43:57.8771 ERROR {"Model":"OnActionExecuting","Controller":"HumaneAid","Action":"GetAll","Id":null,"CreateAt":"2024-03-05T07:43:57.8770947Z"}
2024-03-05 10:43:57.9033 ERROR {"Model":"OnActionExecuting","Controller":"HumaneAid","Action":"GetAll","Id":null,"CreateAt":"2024-03-05T07:43:57.9032235Z"}
2024-03-05 10:44:11.9126 ERROR {"Model":"OnActionExecuting","Controller":"HumaneAid","Action":"GetAll","Id":null,"CreateAt":"2024-03-05T07:44:11.9125956Z"}
2024-03-05 11:19:32.2996 ERROR {"Model":"OnActionExecuting","Controller":"HumaneAid","Action":"GetAll","Id":null,"CreateAt":"2024-03-05T08:19:32.2796541Z"}
2024-03-05 11:20:24.4924 ERROR {"Model":"OnActionExecuting","Controller":"HumaneAid","Action":"GetAll","Id":null,"CreateAt":"2024-03-05T08:20:24.4923338Z"}
2024-03-05 11:20:51.2751 ERROR {"Model":"OnActionExecuting","Controller":"HumaneAid","Action":"GetAll","Id":null,"CreateAt":"2024-03-05T08:20:51.2751537Z"}
2024-03-05 11:21:12.1712 ERROR {"Model":"OnActionExecuting","Controller":"HumaneAid","Action":"GetAll","Id":null,"CreateAt":"2024-03-05T08:21:12.1711667Z"}
2024-03-05 11:21:21.9059 ERROR {"Model":"OnActionExecuting","Controller":"HumaneAid","Action":"GetAll","Id":null,"CreateAt":"2024-03-05T08:21:21.9059205Z"}
2024-03-05 11:21:35.6777 ERROR {"Model":"OnActionExecuting","Controller":"HumaneAid","Action":"GetAll","Id":null,"CreateAt":"2024-03-05T08:21:35.6776641Z"}
2024-03-05 11:21:44.8926 ERROR {"Model":"OnActionExecuting","Controller":"HumaneAid","Action":"GetAll","Id":null,"CreateAt":"2024-03-05T08:21:44.8925789Z"}
2024-03-05 11:21:53.1228 ERROR {"Model":"OnActionExecuting","Controller":"HumaneAid","Action":"GetAll","Id":null,"CreateAt":"2024-03-05T08:21:53.1228243Z"}
2024-03-05 11:22:20.3765 ERROR {"Model":"OnActionExecuting","Controller":"HumaneAid","Action":"GetAll","Id":null,"CreateAt":"2024-03-05T08:22:20.3765417Z"}
2024-03-05 11:22:21.1268 ERROR {"Model":"OnActionExecuting","Controller":"HumaneAid","Action":"GetAll","Id":null,"CreateAt":"2024-03-05T08:22:21.1267803Z"}
2024-03-05 11:22:30.8853 ERROR {"Model":"OnActionExecuting","Controller":"HumaneAid","Action":"GetAll","Id":null,"CreateAt":"2024-03-05T08:22:30.8852811Z"}
2024-03-05 11:23:19.4651 ERROR {"Model":"OnActionExecuting","Controller":"HumaneAid","Action":"GetAll","Id":null,"CreateAt":"2024-03-05T08:23:19.4651618Z"}
2024-03-05 11:23:47.1763 ERROR {"Model":"OnActionExecuting","Controller":"HumaneAid","Action":"GetAll","Id":null,"CreateAt":"2024-03-05T08:23:47.1762776Z"}
2024-03-05 11:24:13.9760 ERROR {"Model":"OnActionExecuting","Controller":"HumaneAid","Action":"GetAll","Id":null,"CreateAt":"2024-03-05T08:24:13.975876Z"}
2024-03-05 11:24:20.2448 ERROR {"Model":"OnActionExecuting","Controller":"HumaneAid","Action":"GetAll","Id":null,"CreateAt":"2024-03-05T08:24:20.2448432Z"}
2024-03-05 11:24:36.8806 ERROR {"Model":"OnActionExecuting","Controller":"HumaneAid","Action":"GetAll","Id":null,"CreateAt":"2024-03-05T08:24:36.8805776Z"}
2024-03-05 11:24:37.0710 ERROR {"Model":"OnActionExecuting","Controller":"HumaneAid","Action":"GetAll","Id":null,"CreateAt":"2024-03-05T08:24:37.0709911Z"}
2024-03-05 11:25:03.4205 ERROR {"Model":"OnActionExecuting","Controller":"HumaneAid","Action":"GetAll","Id":null,"CreateAt":"2024-03-05T08:25:03.420491Z"}
2024-03-05 11:25:06.5661 ERROR {"Model":"OnActionExecuting","Controller":"HumaneAid","Action":"GetAllByUserId","Id":null,"CreateAt":"2024-03-05T08:25:06.5660241Z"}
2024-03-05 11:25:10.1407 ERROR {"Model":"OnActionExecuting","Controller":"HumaneAid","Action":"GetAll","Id":null,"CreateAt":"2024-03-05T08:25:10.1407459Z"}
2024-03-05 11:25:10.2351 ERROR {"Model":"OnActionExecuting","Controller":"HumaneAid","Action":"GetAll","Id":null,"CreateAt":"2024-03-05T08:25:10.2351048Z"}
2024-03-05 11:25:10.4166 ERROR {"Model":"OnActionExecuting","Controller":"HumaneAid","Action":"GetAll","Id":null,"CreateAt":"2024-03-05T08:25:10.4166255Z"}
2024-03-05 11:25:10.4714 ERROR {"Model":"OnActionExecuting","Controller":"HumaneAid","Action":"GetAll","Id":null,"CreateAt":"2024-03-05T08:25:10.4714065Z"}
2024-03-05 11:25:39.0804 ERROR {"Model":"OnActionExecuting","Controller":"HumaneAid","Action":"GetAll","Id":null,"CreateAt":"2024-03-05T08:25:39.0804595Z"}
2024-03-05 11:25:39.1631 ERROR {"Model":"OnActionExecuting","Controller":"HumaneAid","Action":"GetAll","Id":null,"CreateAt":"2024-03-05T08:25:39.163108Z"}
2024-03-05 11:25:39.2385 ERROR {"Model":"OnActionExecuting","Controller":"HumaneAid","Action":"GetAll","Id":null,"CreateAt":"2024-03-05T08:25:39.2384537Z"}
2024-03-05 11:26:22.2515 ERROR {"Model":"OnActionExecuting","Controller":"HumaneAid","Action":"GetAll","Id":null,"CreateAt":"2024-03-05T08:26:22.2515132Z"}
2024-03-05 11:26:28.7415 ERROR {"Model":"OnActionExecuting","Controller":"HumaneAid","Action":"GetAll","Id":null,"CreateAt":"2024-03-05T08:26:28.7415683Z"}
2024-03-05 11:26:28.8397 ERROR {"Model":"OnActionExecuting","Controller":"HumaneAid","Action":"GetAll","Id":null,"CreateAt":"2024-03-05T08:26:28.8397304Z"}
2024-03-05 11:26:28.9011 ERROR {"Model":"OnActionExecuting","Controller":"HumaneAid","Action":"GetAll","Id":null,"CreateAt":"2024-03-05T08:26:28.9011176Z"}
2024-03-05 11:26:28.9939 ERROR {"Model":"OnActionExecuting","Controller":"HumaneAid","Action":"GetAll","Id":null,"CreateAt":"2024-03-05T08:26:28.9938989Z"}
2024-03-05 11:26:29.0201 ERROR {"Model":"OnActionExecuting","Controller":"HumaneAid","Action":"GetAll","Id":null,"CreateAt":"2024-03-05T08:26:29.0201261Z"}
