2024-02-18 19:18:53.2370 ERROR An unhandled exception has occurred while executing the request.
2024-02-18 19:18:53.4267 ERROR Something went wrong : '3123123' is not a valid 24 digit hex string.
2024-02-18 20:27:25.1079 ERROR {"Model":"OnActionExecuting","Controller":"BasisAid","Action":"GettAll","Id":null,"CreateAt":"2024-02-18T17:27:25.0832457Z"}
2024-02-18 20:28:59.3531 ERROR {"Model":"OnActionExecuting","Controller":"BasisAid","Action":"GettAll","Id":null,"CreateAt":"2024-02-18T17:28:59.321803Z"}
2024-02-18 20:41:16.6135 ERROR {"Model":"OnActionExecuting","Controller":"BasisAid","Action":"GettAll","Id":null,"CreateAt":"2024-02-18T17:41:16.5891165Z"}
2024-02-18 20:41:57.6503 ERROR {"Model":"OnActionExecuting","Controller":"BasisAid","Action":"GettAll","Id":null,"CreateAt":"2024-02-18T17:41:57.6328858Z"}
2024-02-18 20:42:29.0323 ERROR {"Model":"OnActionExecuting","Controller":"BasisAid","Action":"GetById","Id":"1","CreateAt":"2024-02-18T17:42:29.0322086Z"}
2024-02-18 20:42:29.4517 ERROR An unhandled exception has occurred while executing the request.
2024-02-18 20:42:29.4605 ERROR Something went wrong : '1' is not a valid 24 digit hex string.
2024-02-18 20:42:36.4324 ERROR {"Model":"OnActionExecuting","Controller":"BasisAid","Action":"GetById","Id":"13","CreateAt":"2024-02-18T17:42:36.4324366Z"}
2024-02-18 20:42:36.5557 ERROR An unhandled exception has occurred while executing the request.
2024-02-18 20:42:36.5557 ERROR Something went wrong : '13' is not a valid 24 digit hex string.
2024-02-18 20:42:40.8616 ERROR {"Model":"OnActionExecuting","Controller":"BasisAid","Action":"GetById","Id":"13123","CreateAt":"2024-02-18T17:42:40.861503Z"}
2024-02-18 20:42:41.0206 ERROR An unhandled exception has occurred while executing the request.
2024-02-18 20:42:41.0235 ERROR Something went wrong : '13123' is not a valid 24 digit hex string.
2024-02-18 20:44:35.1793 ERROR {"Model":"OnActionExecuting","Controller":"BasisAid","Action":"GettAll","Id":null,"CreateAt":"2024-02-18T17:44:35.1524201Z"}
2024-02-18 20:44:58.2520 ERROR {"Model":"OnActionExecuting","Controller":"BasisAid","Action":"GetById","Id":"213","CreateAt":"2024-02-18T17:44:58.2517752Z"}
2024-02-18 20:44:58.5732 ERROR An unhandled exception has occurred while executing the request.
2024-02-18 20:44:58.5894 ERROR Something went wrong : '213' is not a valid 24 digit hex string.
2024-02-18 20:45:03.0357 ERROR {"Model":"OnActionExecuting","Controller":"BasisAid","Action":"GetById","Id":"21312312","CreateAt":"2024-02-18T17:45:03.0357264Z"}
2024-02-18 20:45:03.1660 ERROR An unhandled exception has occurred while executing the request.
2024-02-18 20:45:03.1660 ERROR Something went wrong : '21312312' is not a valid 24 digit hex string.
2024-02-18 23:17:54.2288 ERROR {"Model":"OnActionExecuting","Controller":"BasisAid","Action":"GettAll","Id":null,"CreateAt":"2024-02-18T20:17:54.2096937Z"}
2024-02-18 23:24:29.9896 ERROR An unhandled exception has occurred while executing the request.
2024-02-18 23:24:30.1047 ERROR Something went wrong : No service for type 'Services.Aid.ActionFilters.ValidationFilterAttribute' has been registered.
2024-02-18 23:56:25.3489 ERROR {"Model":"OnActionExecuting","Controller":"BasisAid","Action":"Create","Id":null,"CreateAt":"2024-02-18T20:56:25.3175765Z"}
2024-02-18 23:56:36.0497 ERROR {"Model":"OnActionExecuting","Controller":"BasisAid","Action":"Create","Id":null,"CreateAt":"2024-02-18T20:56:36.0496611Z"}
