2024-04-04 18:30:32.2246 ERROR {"Model":"OnActionExecuting","Controller":"BasisAid","Action":"GettAll","Id":null,"CreateAt":"2024-04-04T15:30:32.100473Z"}
2024-04-04 18:30:43.3619 ERROR {"Model":"OnActionExecuting","Controller":"BasisAid","Action":"GettAll","Id":null,"CreateAt":"2024-04-04T15:30:43.3618572Z"}
2024-04-04 18:30:48.5400 ERROR {"Model":"OnActionExecuting","Controller":"HumaneAid","Action":"GetAll","Id":null,"CreateAt":"2024-04-04T15:30:48.5399734Z"}
2024-04-04 18:31:35.3483 ERROR {"Model":"OnActionExecuting","Controller":"HumaneAid","Action":"GetAll","Id":null,"CreateAt":"2024-04-04T15:31:35.3483062Z"}
2024-04-04 18:31:53.0804 ERROR {"Model":"OnActionExecuting","Controller":"BasisAid","Action":"GetAllByUserId","Id":null,"CreateAt":"2024-04-04T15:31:53.0803002Z"}
2024-04-04 18:31:53.0804 ERROR {"Model":"OnActionExecuting","Controller":"HumaneAid","Action":"GetAllByUserId","Id":null,"CreateAt":"2024-04-04T15:31:53.0803041Z"}
2024-04-04 18:32:01.6808 ERROR {"Model":"OnActionExecuting","Controller":"HumaneAid","Action":"GetAllByUserId","Id":null,"CreateAt":"2024-04-04T15:32:01.6807731Z"}
2024-04-04 18:32:01.7060 ERROR {"Model":"OnActionExecuting","Controller":"BasisAid","Action":"GetAllByUserId","Id":null,"CreateAt":"2024-04-04T15:32:01.7058429Z"}
2024-04-04 18:32:08.6338 ERROR {"Model":"OnActionExecuting","Controller":"BasisAid","Action":"GetAllByUserId","Id":null,"CreateAt":"2024-04-04T15:32:08.6337763Z"}
2024-04-04 18:32:08.6338 ERROR {"Model":"OnActionExecuting","Controller":"HumaneAid","Action":"GetAllByUserId","Id":null,"CreateAt":"2024-04-04T15:32:08.6362068Z"}
2024-04-04 18:32:10.1215 ERROR {"Model":"OnActionExecuting","Controller":"BasisAid","Action":"GetAllByUserId","Id":null,"CreateAt":"2024-04-04T15:32:10.1215076Z"}
2024-04-04 18:32:10.2675 ERROR {"Model":"OnActionExecuting","Controller":"HumaneAid","Action":"GetAllByUserId","Id":null,"CreateAt":"2024-04-04T15:32:10.2673114Z"}
2024-04-04 18:32:14.5663 ERROR {"Model":"OnActionExecuting","Controller":"HumaneAid","Action":"GetById","Id":"65f42bb1e35d85869452820e","CreateAt":"2024-04-04T15:32:14.566191Z"}
2024-04-04 18:32:33.4726 ERROR {"Model":"OnActionExecuting","Controller":"BasisAid","Action":"GetAllByUserId","Id":null,"CreateAt":"2024-04-04T15:32:33.4725796Z"}
2024-04-04 18:32:33.4951 ERROR {"Model":"OnActionExecuting","Controller":"HumaneAid","Action":"GetAllByUserId","Id":null,"CreateAt":"2024-04-04T15:32:33.4944694Z"}
2024-04-04 18:32:35.3005 ERROR {"Model":"OnActionExecuting","Controller":"HumaneAid","Action":"GetById","Id":"65f42bb1e35d85869452820e","CreateAt":"2024-04-04T15:32:35.3004553Z"}
2024-04-04 18:32:48.9089 ERROR {"Model":"OnActionExecuting","Controller":"BasisAid","Action":"GetAllByUserId","Id":null,"CreateAt":"2024-04-04T15:32:48.9089178Z"}
2024-04-04 18:32:49.0101 ERROR {"Model":"OnActionExecuting","Controller":"HumaneAid","Action":"GetAllByUserId","Id":null,"CreateAt":"2024-04-04T15:32:49.0100945Z"}
2024-04-04 18:50:02.9839 ERROR {"Model":"OnActionExecuting","Controller":"BasisAid","Action":"GettAll","Id":null,"CreateAt":"2024-04-04T15:50:02.9838312Z"}
2024-04-04 21:38:58.7290 ERROR {"Model":"OnActionExecuting","Controller":"HumaneAid","Action":"GetAll","Id":null,"CreateAt":"2024-04-04T18:38:58.7232846Z"}
